dummy_mode in cli: flag: False
reuse_mode in cli: flag: False
Compilation successful ✅
Network loaded
Lower bounds: tensor([[-173.2195, -172.9100, -174.0182, -177.6338, -167.1610, -172.8673,
         -184.8255, -177.2616, -181.3266],
        [-144.3630, -144.2587, -143.4004, -140.8723, -140.8570, -140.7388,
         -154.9199, -158.0723, -156.9838],
        [-194.9526, -185.7016, -181.1529, -183.9522, -178.0174, -182.6373,
         -197.8863, -190.3819, -189.8507],
        [-151.8711, -137.4893, -145.7860, -142.6080, -130.6152, -137.4565,
         -149.6560, -142.1835, -143.5976],
        [-143.3432, -147.1241, -138.2980, -168.4524, -146.0398, -156.1499,
         -154.0204, -142.3632, -149.0039],
        [-191.4224, -185.0100, -190.0157, -191.8195, -188.4554, -199.9339,
         -203.4158, -188.5627, -196.8166],
        [-176.4128, -183.4704, -171.6405, -173.7983, -172.1821, -169.0681,
         -189.2790, -172.8056, -181.5811],
        [-158.1915, -152.5505, -155.7370, -156.8018, -144.6497, -184.9371,
         -163.8658, -159.4832, -169.0490],
        [-193.8052, -184.3117, -189.4727, -191.3193, -184.9342, -190.8609,
         -200.9197, -189.8129, -193.8775],
        [-146.3166, -162.5075, -139.7011, -143.4717, -135.7482, -145.0565,
         -154.3229, -150.2768, -168.0190],
        [-205.4255, -186.3648, -195.1879, -196.2991, -191.5663, -194.0862,
         -204.0618, -197.5856, -197.8215],
        [-113.0750, -128.9358, -106.8620, -109.4086, -106.2442, -111.4051,
         -116.5186, -122.4272, -146.2267],
        [-179.9176, -179.5995, -177.5428, -180.9740, -181.4943, -179.1857,
         -191.6783, -179.9453, -183.4170],
        [-139.1928, -136.6942, -146.5087, -150.8920, -146.6916, -143.8066,
         -152.0872, -138.6234, -143.1354],
        [-167.4890, -178.7979, -162.4950, -166.6541, -158.6499, -168.5743,
         -174.5815, -170.7649, -183.2904],
        [-207.1354, -200.6877, -204.2934, -212.8428, -201.0220, -209.0522,
         -216.5322, -211.7649, -209.7655],
        [-153.8058, -149.7645, -145.3340, -149.1213, -159.7898, -147.3751,
         -159.5573, -147.5348, -154.2041],
        [-183.5234, -168.6728, -171.9749, -173.8115, -164.9985, -171.6680,
         -187.1422, -174.8779, -182.4858],
        [-119.5477, -132.0618, -116.5271, -126.9700, -116.7887, -121.5713,
         -127.7224, -128.9009, -125.0873],
        [-181.2660, -176.8952, -177.8004, -191.5430, -178.1484, -183.5708,
         -194.8881, -179.3810, -184.2091],
        [-186.3198, -181.7128, -178.6388, -184.1618, -172.8101, -181.5486,
         -195.3879, -180.3016, -194.4489],
        [-127.2198, -104.7283, -128.4906, -111.4357, -106.7838, -108.2790,
         -121.4521, -111.3428, -112.9426],
        [-195.0592, -178.5858, -195.5320, -186.2779, -176.0471, -183.6423,
         -196.9821, -190.0530, -192.7457],
        [ -83.5727,  -87.1136,  -77.1078,  -78.7000,  -72.1172,  -81.3842,
          -87.6446,  -83.4104, -137.1158],
        [-147.8549, -144.0152, -151.3360, -165.6039, -152.4131, -148.5912,
         -155.5855, -153.0486, -152.7692],
        [-167.0280, -168.2087, -174.2111, -179.3485, -171.3310, -176.9993,
         -180.7378, -171.2711, -176.9536],
        [-164.7527, -159.3065, -168.6491, -181.9263, -167.4351, -168.6282,
         -188.8048, -161.0231, -171.9960],
        [-162.3160, -140.9406, -149.6765, -143.8912, -134.0811, -139.1727,
         -152.7844, -142.9288, -150.0493],
        [-106.1743, -100.8823,  -98.6328, -101.2001,  -91.3041,  -97.4112,
         -105.7938, -100.8123, -132.9534],
        [-134.3953, -133.8584, -136.9841, -138.9753, -140.5999, -165.3219,
         -146.4500, -134.5983, -145.8469],
        [-139.1014, -130.2356, -128.5591, -133.5638, -131.0352, -155.8022,
         -141.3252, -132.5726, -137.4616],
        [-228.0149, -219.1043, -226.7412, -236.2889, -227.9854, -231.1911,
         -243.8785, -222.9656, -230.7754],
        [-230.8384, -216.0666, -223.1693, -225.7389, -213.7260, -221.0379,
         -236.7112, -225.5194, -227.6868],
        [-120.6865, -120.7859, -123.6382, -124.1876, -128.7230, -125.5375,
         -132.8217, -120.5873, -126.6149],
        [-146.5396, -145.1124, -143.7136, -145.4482, -138.5541, -141.5780,
         -152.6827, -146.3916, -164.9248],
        [-163.5642, -174.8250, -162.7295, -165.3770, -159.4368, -169.9308,
         -177.9106, -163.7177, -174.3771],
        [-201.6843, -194.4993, -210.8586, -206.9757, -198.1898, -206.5278,
         -218.9992, -200.3416, -207.1708],
        [-149.9832, -146.4668, -138.7542, -141.7726, -132.6358, -138.4392,
         -148.6794, -157.6888, -154.1079],
        [-188.8807, -180.8913, -181.8514, -186.8053, -177.2116, -183.0768,
         -194.9850, -186.2849, -194.8196],
        [-196.6730, -189.8837, -193.7429, -199.6348, -200.9768, -197.1744,
         -210.6327, -197.3354, -199.1097],
        [-159.8108, -151.9848, -155.2750, -170.1017, -146.7636, -151.8020,
         -167.0565, -152.8647, -159.5572],
        [-132.6197, -129.9296, -136.6626, -136.3449, -126.5587, -145.4606,
         -141.7130, -133.6789, -139.8655],
        [-151.9095, -147.4763, -150.9273, -150.7451, -149.2734, -149.1752,
         -163.3651, -149.0972, -155.6352],
        [-161.2296, -161.6505, -161.9811, -171.7635, -159.6372, -162.1632,
         -172.4241, -163.0240, -168.6188],
        [-142.1695, -141.5609, -141.2134, -144.1957, -133.6168, -138.5769,
         -147.3990, -143.1250, -144.8704],
        [-129.5608, -130.8809, -127.0717, -125.6627, -119.0589, -125.8242,
         -133.4622, -132.1952, -158.2899],
        [-147.1980, -144.6124, -155.2532, -151.4099, -157.6708, -150.6016,
         -159.7858, -149.7374, -154.6271],
        [-182.7332, -179.9649, -183.7655, -181.7105, -181.3411, -183.7971,
         -193.8437, -197.0918, -186.9315],
        [-142.1831, -140.5754, -146.1576, -153.0471, -151.1661, -150.1647,
         -175.3789, -140.1805, -148.3684],
        [-180.7897, -173.2950, -177.3254, -181.5479, -171.3181, -179.9039,
         -187.1283, -178.4201, -182.3543],
        [-190.7023, -182.7889, -187.1582, -184.1812, -176.9208, -187.9195,
         -199.5983, -188.4549, -196.5488],
        [-161.5468, -159.2724, -161.7466, -164.7020, -156.6385, -160.7518,
         -170.0960, -166.9429, -165.4150],
        [-149.5126, -147.9912, -149.1928, -153.0996, -146.7822, -157.3522,
         -157.1970, -148.7650, -154.0999],
        [-177.2137, -171.4760, -178.6150, -177.4430, -173.7769, -178.1465,
         -186.1799, -177.9997, -181.5142],
        [-152.7095, -146.2379, -142.7264, -138.0525, -139.0212, -141.0684,
         -153.2967, -176.5518, -144.8831],
        [-144.6717, -137.4406, -137.5203, -138.5596, -137.2892, -136.5704,
         -149.1849, -168.6842, -147.5573],
        [-149.0044, -142.6022, -145.5979, -147.8787, -143.4844, -147.5700,
         -166.7721, -141.7715, -149.5318],
        [-167.0293, -165.6982, -163.1278, -167.4176, -161.2239, -169.8581,
         -181.8416, -173.7286, -172.8151],
        [-171.7779, -162.6784, -168.7158, -168.4596, -169.5400, -168.7779,
         -180.0386, -172.3420, -172.6234],
        [-162.0018, -158.0072, -176.3855, -167.1240, -159.3266, -168.0316,
         -174.0319, -166.3353, -169.0682],
        [-185.2114, -177.6918, -181.2598, -191.6576, -182.7147, -185.4017,
         -210.1638, -179.9072, -186.6010],
        [-117.6116, -114.4337, -115.1033, -116.8392, -115.3624, -120.1328,
         -126.0738, -117.7236, -119.4873],
        [-168.1907, -166.1815, -167.9787, -171.1264, -165.1462, -181.0696,
         -179.0745, -168.4029, -173.2830],
        [-178.4939, -172.0077, -174.8593, -177.2014, -172.8369, -174.4713,
         -187.6445, -174.7641, -186.5263],
        [-189.0693, -182.6791, -199.5582, -190.0192, -186.3819, -197.1148,
         -199.3665, -188.4381, -195.1780],
        [-179.7401, -174.4523, -185.1669, -180.8715, -180.1494, -183.8093,
         -193.7923, -178.7030, -183.6780],
        [-206.3225, -201.2503, -205.9497, -205.3121, -193.3797, -212.1885,
         -214.4209, -210.9631, -212.7011],
        [-158.0553, -144.3508, -163.6608, -151.6382, -152.5626, -148.7707,
         -163.6502, -155.5124, -156.8255],
        [-138.6184, -136.1265, -138.7980, -141.2343, -137.2881, -136.6592,
         -148.5907, -139.0782, -142.3492],
        [-140.3811, -144.8678, -151.2604, -140.5623, -134.3754, -138.7781,
         -148.7860, -141.5267, -161.1621],
        [-205.2678, -194.8148, -201.1342, -205.8520, -193.7638, -200.8156,
         -211.0955, -202.9292, -205.2147],
        [-207.6551, -200.6824, -208.5713, -211.3211, -214.9883, -221.7839,
         -221.5035, -204.6155, -212.6089],
        [-176.3063, -162.2810, -169.0748, -168.9771, -160.3867, -165.7710,
         -177.3737, -181.8325, -172.3386],
        [-189.4841, -177.9963, -173.8876, -174.3196, -167.1579, -175.6198,
         -190.1678, -204.9421, -183.2573],
        [-160.9209, -147.2751, -151.4335, -156.0110, -143.8083, -146.5302,
         -159.5566, -153.5264, -156.7459],
        [-154.8463, -148.2201, -155.2721, -151.7818, -150.1039, -157.8232,
         -162.6076, -152.5052, -157.0757],
        [-144.6467, -143.9614, -150.8866, -146.4050, -141.4221, -143.9487,
         -153.4619, -151.4249, -169.3189],
        [-180.5034, -173.0300, -176.5059, -175.8810, -171.5069, -185.2272,
         -187.0141, -177.9318, -181.4028],
        [-167.3031, -157.5757, -161.6680, -160.2752, -152.1357, -167.6173,
         -168.4474, -163.8343, -167.4948],
        [-120.9628, -111.5136, -103.1572, -108.4715, -103.4474, -104.4850,
         -115.0297, -129.5684, -111.5497],
        [-205.4065, -194.4455, -192.8099, -198.9599, -189.4962, -196.6177,
         -208.9231, -203.8362, -202.1328],
        [-166.9293, -174.8250, -167.9511, -168.4805, -166.1049, -177.2342,
         -178.8797, -166.7867, -174.8003],
        [-131.1090, -163.6308, -120.8624, -127.6886, -118.1098, -132.6995,
         -132.3670, -132.6704, -141.7599],
        [-209.2827, -199.8133, -202.5097, -205.8872, -203.5305, -202.8843,
         -221.8922, -204.4498, -209.1423],
        [-169.5854, -161.7315, -172.3634, -165.3398, -157.8014, -163.9705,
         -178.4174, -166.5421, -175.4686],
        [-134.5064, -133.6839, -139.2765, -141.4717, -136.5056, -137.8271,
         -160.3156, -130.9294, -139.2191],
        [-137.7073, -130.1441, -145.7560, -137.8956, -134.4426, -130.8518,
         -143.1604, -139.6685, -139.9718],
        [-206.3184, -200.5718, -198.2557, -205.6080, -192.8506, -198.5769,
         -211.6922, -209.0210, -208.4780],
        [-180.3826, -168.9576, -171.4213, -176.2699, -168.6419, -171.4921,
         -184.9319, -193.5032, -181.6113],
        [-141.3043, -146.7940, -137.4973, -138.8356, -135.6001, -139.3655,
         -148.0441, -148.6915, -163.9806],
        [-165.8353, -130.0537, -123.2676, -124.6826, -110.9663, -113.1550,
         -125.9662, -125.6481, -122.8836],
        [-163.3387, -153.2767, -162.9655, -161.5427, -152.0375, -158.5087,
         -168.6357, -158.9512, -163.2354],
        [-140.4980, -129.9899, -138.4347, -132.6550, -129.0311, -131.7592,
         -143.0968, -152.0186, -136.9983],
        [-149.6850, -147.0826, -143.2606, -147.2294, -139.7577, -164.0295,
         -153.0798, -149.0406, -151.5793],
        [-215.4883, -207.1038, -211.1458, -217.5980, -207.3475, -214.1626,
         -226.6455, -212.6490, -217.0276],
        [-181.4724, -173.8480, -181.1469, -183.5822, -182.3103, -180.9092,
         -195.7530, -178.8001, -184.9894],
        [-179.6263, -174.0877, -177.0364, -188.7674, -175.7758, -181.1744,
         -190.4591, -177.4963, -182.4786],
        [-220.3794, -206.4263, -213.4231, -212.7995, -205.3017, -211.2165,
         -225.9977, -216.1146, -218.8430],
        [-116.3673, -100.4688, -104.9563, -108.0021, -102.8803, -105.1570,
         -117.3143, -103.4434, -107.9397],
        [ -99.8910,  -87.4171,  -94.7321,  -94.7973,  -91.4106,  -96.4408,
         -137.5038,  -91.2774, -103.5087]], dtype=torch.float64)
Upper bounds: tensor([[192.3195, 181.3474, 190.2299, 182.1427, 183.8806, 192.1636, 198.9683,
         180.6915, 193.3251],
        [144.9030, 136.8681, 148.8006, 148.2735, 131.2384, 147.5560, 148.8809,
         120.5777, 134.2536],
        [176.2398, 179.6850, 195.4389, 191.3854, 184.5788, 192.3386, 196.4261,
         180.8516, 201.5444],
        [122.7664, 134.3488, 132.1902, 136.0484, 141.4883, 143.2713, 143.8242,
         136.9600, 151.4199],
        [157.7117, 148.1399, 162.7938, 118.9070, 152.7010, 144.1427, 163.0961,
         155.1552, 164.3077],
        [209.5791, 208.8126, 216.5770, 209.8056, 206.0023, 199.4189, 219.8649,
         209.5233, 220.9094],
        [180.5900, 159.5844, 184.4107, 189.3864, 171.1696, 193.1502, 187.4896,
         183.0518, 187.7882],
        [157.7959, 163.5074, 170.0234, 164.1602, 174.4780, 120.7402, 175.6821,
         157.7663, 166.4442],
        [199.6988, 201.7825, 207.6309, 202.1968, 200.3070, 204.7516, 215.6550,
         202.1421, 218.4105],
        [143.2850, 115.5907, 150.2710, 148.1683, 140.1398, 142.4811, 151.6643,
         136.9653, 120.2546],
        [170.7556, 186.5978, 187.4409, 185.1221, 178.0941, 188.5643, 199.8810,
         180.7256, 202.3506],
        [106.0088,  82.6176, 113.9780, 108.7069,  98.5550, 105.6733, 113.5508,
          93.2374,  60.8732],
        [188.9777, 178.2216, 192.2766, 190.3806, 174.4162, 193.1536, 199.4364,
         184.1842, 199.5045],
        [161.5736, 155.6747, 153.2826, 146.2270, 146.7449, 162.4096, 165.6321,
         158.4371, 171.4969],
        [162.8132, 138.9438, 167.6980, 167.4506, 156.2223, 158.6453, 178.2183,
         156.2067, 151.0548],
        [208.4293, 206.4222, 212.9322, 197.2374, 202.2329, 206.8066, 224.6772,
         196.1063, 223.6264],
        [161.0261, 155.0908, 171.8535, 169.6564, 142.3096, 171.5747, 173.6059,
         163.2840, 168.9321],
        [192.6225, 202.5838, 210.4425, 198.3817, 203.5269, 205.8496, 204.5054,
         200.7072, 206.8535],
        [129.7847, 109.6570, 131.7265, 122.4865, 125.1740, 128.4032, 137.6604,
         117.7463, 136.8238],
        [188.0795, 184.2307, 192.5361, 169.2023, 182.7487, 187.3264, 190.6519,
         184.5117, 199.2048],
        [181.7116, 177.6639, 192.1071, 181.2577, 183.5055, 185.8928, 188.3654,
         185.1381, 180.7789],
        [ 91.0080, 111.4219,  92.8378, 114.2402, 112.4502, 118.3435, 114.0803,
         113.9051, 126.6976],
        [169.9525, 181.8589, 171.9707, 183.8769, 182.1877, 189.2084, 193.5439,
         178.1961, 195.8874],
        [ 71.8821,  62.4487,  79.5524,  75.2084,  70.2181,  71.9433,  73.2328,
          67.1130,  -1.9224],
        [154.0353, 149.6406, 150.4855, 127.8668, 141.2184, 155.0147, 163.5654,
         144.8365, 161.5871],
        [172.8255, 162.1967, 165.0479, 158.4637, 158.1705, 163.8999, 180.2504,
         163.6389, 176.0276],
        [166.0764, 163.0819, 162.6065, 138.1973, 155.4850, 166.6606, 147.8140,
         163.2872, 168.5860],
        [131.7668, 149.9488, 150.2119, 153.9562, 155.7932, 157.7029, 159.0681,
         154.6860, 162.7806],
        [109.6225, 108.1225, 118.5443, 111.7047, 110.7554, 115.9021, 118.0028,
         110.1821,  74.1668],
        [130.5257, 128.1872, 134.6024, 131.7404, 125.6448,  92.2157, 138.3479,
         130.9779, 135.1169],
        [139.8947, 145.5820, 156.4697, 148.7837, 148.4234, 117.6263, 156.7109,
         146.5621, 157.4635],
        [223.4319, 223.1231, 227.3086, 212.6278, 213.5403, 225.3775, 231.4431,
         224.8396, 240.8845],
        [229.3195, 237.3178, 241.5533, 232.4913, 237.4518, 243.6734, 249.5665,
         233.9028, 256.4966],
        [159.1351, 151.5699, 158.8783, 155.7471, 144.0424, 156.5513, 161.1402,
         154.8704, 162.0942],
        [151.0404, 144.4328, 156.6216, 150.2610, 143.9685, 154.1469, 158.6605,
         146.9156, 128.5356],
        [175.3183, 152.4635, 176.6709, 178.7290, 170.5862, 167.9152, 182.2062,
         173.9556, 177.7378],
        [202.2608, 200.5573, 193.3512, 197.9946, 197.2599, 203.0598, 206.5544,
         201.3956, 217.7340],
        [131.3445, 127.5849, 144.4222, 136.7217, 132.3755, 141.2605, 149.8752,
         114.5313, 130.8284],
        [186.3639, 186.0773, 196.1059, 184.7937, 184.5915, 191.8405, 199.2646,
         184.1686, 188.7033],
        [208.7809, 205.4517, 214.6402, 204.1808, 189.7094, 211.5584, 215.2548,
         199.4216, 219.2240],
        [157.4126, 157.6833, 160.7138, 135.0315, 164.0015, 167.0715, 163.2923,
         161.3217, 170.9586],
        [148.4213, 147.3061, 148.6359, 145.5069, 151.4995, 133.4541, 156.2271,
         145.9136, 156.4106],
        [163.4421, 159.2206, 166.0113, 164.5749, 155.7710, 169.3986, 165.8798,
         162.8092, 169.3106],
        [178.2145, 168.1942, 176.5600, 160.4311, 168.9701, 178.2564, 184.2985,
         171.1756, 181.0898],
        [147.8731, 140.5136, 147.8244, 143.8755, 148.1278, 153.3511, 160.9558,
         145.2680, 158.8608],
        [119.2187, 110.9916, 124.5732, 122.5205, 115.5671, 121.5243, 127.4203,
         113.0374,  80.4834],
        [172.1397, 165.3012, 165.7715, 171.1453, 150.3352, 173.2638, 179.1432,
         164.7807, 175.8490],
        [201.8308, 194.1972, 202.2551, 201.2419, 184.5168, 200.5141, 213.5008,
         173.5250, 210.0025],
        [142.3044, 136.6189, 142.2346, 129.9489, 127.1352, 139.8015, 108.4051,
         138.6763, 146.6608],
        [184.7587, 185.2669, 190.5927, 181.5963, 186.9153, 185.8895, 200.1096,
         185.0883, 200.2209],
        [193.2098, 193.9491, 201.1257, 200.6639, 196.6755, 196.4105, 203.8890,
         192.9482, 200.4805],
        [164.7297, 159.3764, 165.9490, 160.2869, 159.3874, 166.7515, 175.6413,
         154.3324, 175.1558],
        [156.1689, 151.5634, 159.3827, 153.4083, 154.7161, 146.5723, 169.3816,
         156.0260, 167.0254],
        [199.7435, 196.0149, 199.9055, 198.2916, 192.0067, 199.4377, 212.7120,
         194.1568, 209.7529],
        [126.8347, 128.3927, 142.5787, 142.0772, 125.4182, 139.6464, 144.7097,
          83.5754, 147.9730],
        [124.8494, 126.3083, 137.3980, 130.8339, 120.8128, 133.3067, 138.1812,
          85.5958, 133.4632],
        [159.9491, 160.7860, 167.9896, 159.5470, 160.5748, 165.9960, 148.2889,
         164.7289, 171.4627],
        [199.7623, 192.5877, 207.0717, 192.6175, 192.7589, 194.1127, 198.4404,
         182.4957, 202.7293],
        [193.9666, 194.6606, 200.6292, 195.6904, 184.0022, 198.4899, 204.2747,
         186.6763, 205.2984],
        [175.5219, 171.8322, 160.2520, 172.6518, 171.3278, 173.8668, 186.1165,
         169.8251, 188.2945],
        [176.2453, 176.8573, 184.1383, 163.5123, 170.1974, 182.3124, 154.8826,
         174.6227, 186.5065],
        [165.8496, 162.7790, 171.2823, 161.5248, 161.7833, 161.4275, 169.0995,
         160.9496, 173.9462],
        [166.8708, 163.7124, 171.7372, 167.0275, 166.7386, 151.8859, 179.3610,
         165.5898, 180.6180],
        [189.1495, 185.7056, 194.8246, 187.7837, 180.2523, 193.5750, 196.4327,
         187.5900, 186.3785],
        [186.3327, 184.4380, 176.8049, 192.9646, 182.2507, 181.2750, 204.8845,
         187.7710, 202.6325],
        [188.8676, 185.0656, 185.0367, 191.6459, 179.4193, 188.8400, 196.2511,
         187.2603, 202.8418],
        [199.5090, 197.6423, 203.3138, 201.8869, 203.3003, 191.1611, 219.8069,
         190.8368, 212.6963],
        [142.5124, 148.2307, 137.4261, 155.4049, 138.6478, 158.6049, 158.2410,
         145.3188, 160.9884],
        [167.2470, 161.1641, 168.0620, 161.2449, 159.6702, 170.2909, 171.9651,
         162.5354, 173.9364],
        [138.0480, 125.2700, 128.4225, 142.1669, 131.3285, 141.9076, 146.8524,
         135.8161, 120.2166],
        [202.2541, 205.2398, 208.6028, 198.7195, 204.5812, 209.0860, 221.2379,
         202.1433, 222.1821],
        [205.4294, 205.2156, 210.6992, 208.3690, 191.1905, 192.7014, 220.0304,
         205.9451, 220.8524],
        [144.4262, 154.6369, 156.6497, 152.2405, 149.8366, 157.7276, 165.5463,
         131.8875, 165.3490],
        [163.5614, 171.8239, 186.7469, 177.7401, 169.4041, 178.0529, 184.9960,
         132.3846, 185.4589],
        [136.3808, 145.2521, 148.9334, 140.0844, 147.4043, 153.9772, 155.8476,
         144.8090, 155.7626],
        [175.9240, 176.0695, 179.3386, 180.5845, 175.1630, 172.8808, 187.4136,
         176.6440, 189.4775],
        [137.8337, 130.9729, 135.4540, 136.2936, 126.2343, 137.7635, 144.6338,
         126.7474, 107.7438],
        [191.1192, 193.6815, 201.3481, 198.8778, 196.4812, 185.6946, 209.3385,
         193.9197, 211.3863],
        [170.2101, 176.3468, 181.6505, 179.1331, 181.9648, 167.9423, 191.7009,
         174.9826, 188.8970],
        [ 84.3775,  89.6435, 104.5033,  96.7882,  93.4026, 101.7251, 103.4253,
          67.7473, 103.3703],
        [188.6504, 193.8557, 206.3492, 194.5761, 194.2676, 199.1759, 209.0507,
         186.9366, 210.8507],
        [166.5129, 148.9476, 167.0858, 174.4567, 161.1282, 155.8922, 181.2095,
         167.5830, 177.3334],
        [113.6782,  65.0499, 121.9196, 125.0213, 121.2612, 112.8926, 132.8966,
         115.0664, 117.5898],
        [217.6118, 217.6318, 228.4672, 220.5095, 210.9958, 228.5231, 224.3560,
         218.1145, 233.7406],
        [180.0863, 179.6061, 178.2925, 184.3728, 181.4597, 189.0523, 188.6481,
         181.7249, 186.3118],
        [136.3063, 130.6903, 134.4420, 128.8273, 129.2072, 139.3723, 113.8447,
         136.8530, 143.4823],
        [154.0835, 152.9548, 146.7927, 154.7906, 149.7196, 163.1962, 166.6830,
         151.8226, 166.2065],
        [192.9596, 189.7137, 202.3486, 190.2954, 191.3330, 202.1835, 212.3768,
         183.9097, 205.6391],
        [187.1669, 191.2799, 200.0974, 181.7386, 179.2957, 193.3891, 200.1040,
         157.1575, 192.6660],
        [141.9624, 128.8055, 148.3072, 144.2676, 133.4432, 142.3934, 150.1581,
         130.8673, 116.3486],
        [ 47.0661,  93.2320, 105.1204, 102.8106, 110.2016, 114.0320, 111.8520,
         104.7628, 119.4297],
        [171.6827, 175.0728, 173.7013, 171.9386, 176.6133, 178.6694, 184.8168,
         175.3315, 188.7938],
        [126.7673, 132.2880, 133.1782, 135.2028, 127.2343, 136.4622, 141.5001,
         105.3719, 143.3931],
        [149.9850, 150.1275, 162.8207, 156.2211, 159.6269, 129.6485, 168.1385,
         151.7398, 166.6401],
        [219.2663, 219.0888, 226.4979, 214.0952, 217.5496, 223.0539, 231.5547,
         218.5699, 237.1679],
        [186.3405, 184.7973, 188.7958, 183.3591, 173.2782, 191.1098, 188.3638,
         183.3272, 194.5051],
        [186.6358, 183.8155, 189.9010, 169.4228, 182.0051, 185.7072, 193.4899,
         183.8645, 197.8948],
        [214.3211, 221.1118, 225.9927, 223.1376, 218.7018, 227.1363, 233.7345,
         216.7375, 236.3198],
        [100.8559, 113.5131, 116.1617, 109.6415, 112.2110, 113.8380, 110.0726,
         114.8961, 121.2199],
        [ 98.0620, 105.7588, 107.1690, 102.3943, 104.3210, 105.5182,  55.2572,
         104.3882, 101.8039]], dtype=torch.float64)
Total time: 363.97 seconds
Matmul timing (vs block sparse):
  block sparse (SparseTensor.matmul): 1.05279 s (28 calls) [baseline]
  CSR multiply: 5.37753 s (2800 calls) — 5.1x slower than block sparse
  COO multiply: 7.57135 s (2800 calls) — 7.2x slower than block sparse
  BSR multiply (8x8, via COO): 113.59706 s (2800 calls) — 107.9x slower than block sparse
  BSR multiply (derived, via COO): 74.42643 s (2800 calls) — 70.7x slower than block sparse
CONSTRAINTFLOW_TIMING_JSON={"wall_time_s": 363.9705068839994, "block_sparse": {"seconds": 1.052788414999668, "calls": 28}, "csr": {"encode": {"seconds": 48.84585029696973, "calls": 2800}, "mul": {"seconds": 5.377526840011342, "calls": 2800}}, "coo": {"encode": {"seconds": 47.17915444596838, "calls": 2800}, "mul": {"seconds": 7.5713458040008845, "calls": 2800}}, "bsr_fixed": {"encode": {"seconds": 26.28077921197655, "calls": 2800}, "mul": {"seconds": 113.5970583670005, "calls": 2800}}, "bsr_dynamic": {"encode": {"seconds": 20.97953117605357, "calls": 2800}, "mul": {"seconds": 74.42642675798561, "calls": 2800}}, "verify": {"seconds": 13.621610502967087, "calls": 28}, "inner_prod_total": {"seconds": 363.8190009000009, "calls": 28}}

--- stderr ---
/home/aval/constraintflow-gpu/constraintflow/gbcsr/sparse_tensor.py:540: UserWarning: Sparse CSR tensor support is in beta state. If you miss a functionality in the sparse tensor support, please submit a feature request to https://github.com/pytorch/pytorch/issues. (Triggered internally at /pytorch/aten/src/ATen/SparseCsrTensorImpl.cpp:53.)
  return coo.to_sparse_csr()
