cse_var_126: Num Blocks: 1 
Start Indices: [tensor([0, 0])] 
End Indices: [tensor([ 1, 10])] 
Total Size: tensor([ 1, 10], dtype=torch.int32) 
Type: <class 'float'> 
Dense Const: 0.0 
Blocks Types: 0-D
Blocks Shapes: 0-tensor([ 1, 10])

rewrite_new_9: Num Blocks: 1 
Start Indices: [tensor([0, 0])] 
End Indices: [tensor([ 1, 10])] 
Total Size: tensor([ 1, 10], dtype=torch.int32) 
Type: <class 'float'> 
Dense Const: 0.0 
Blocks Types: 0-R
Blocks Shapes: 0-tensor([ 1, 10])

cse_var_150: 2
rewrite_new_13: Num Blocks: 1 
Start Indices: [tensor([  0,   0, 934])] 
End Indices: [tensor([  1,  10, 984])] 
Total Size: tensor([  1,  10, 984], dtype=torch.int32) 
Type: <class 'bool'> 
Dense Const: False 
Blocks Types: 0-D
Blocks Shapes: 0-tensor([ 1, 10, 50])

rewrite_new_15: Num Blocks: 0 
Start Indices: [] 
End Indices: [] 
Total Size: tensor([  1,  10, 984], dtype=torch.int32) 
Type: <class 'bool'> 
Dense Const: False 
Blocks Types
Blocks Shapes

rewrite_new_17: Num Blocks: 1 
Start Indices: [tensor([  0,   0, 934])] 
End Indices: [tensor([  1,  10, 984])] 
Total Size: tensor([  1,  10, 984], dtype=torch.int32) 
Type: <class 'bool'> 
Dense Const: False 
Blocks Types: 0-D
Blocks Shapes: 0-tensor([ 1, 10, 50])

rewrite_new_42: Num Blocks: 1 
Start Indices: [tensor([  0,   0, 934])] 
End Indices: [tensor([  1,  10, 984])] 
Total Size: tensor([  1,  10, 984], dtype=torch.int32) 
Type: <class 'bool'> 
Dense Const: True 
Blocks Types: 0-C-False
Blocks Shapes: 0-tensor([ 1, 10, 50])

rewrite_new_80: Num Blocks: 1 
Start Indices: [tensor([0, 0])] 
End Indices: [tensor([ 1, 10])] 
Total Size: tensor([ 1, 10], dtype=torch.int32) 
Type: <class 'float'> 
Dense Const: 0.0 
Blocks Types: 0-D
Blocks Shapes: 0-tensor([ 1, 10])

rewrite_new_89: Num Blocks: 1 
Start Indices: [tensor([  0,   0, 884])] 
End Indices: [tensor([  1,  10, 934])] 
Total Size: tensor([  1,  10, 984], dtype=torch.int32) 
Type: <class 'float'> 
Dense Const: 0.0 
Blocks Types: 0-D
Blocks Shapes: 0-tensor([ 1, 10, 50])

rewrite_new_90: Num Blocks: 1 
Start Indices: [tensor([0, 0])] 
End Indices: [tensor([ 1, 10])] 
Total Size: tensor([ 1, 10], dtype=torch.int32) 
Type: <class 'float'> 
Dense Const: 0.0 
Blocks Types: 0-D
Blocks Shapes: 0-tensor([ 1, 10])

rewrite_new_91: Num Blocks: 1 
Start Indices: [tensor([  0,   0, 884])] 
End Indices: [tensor([  1,  10, 934])] 
Total Size: tensor([  1,  10, 984], dtype=torch.int32) 
Type: <class 'float'> 
Dense Const: 0.0 
Blocks Types: 0-D
Blocks Shapes: 0-tensor([ 1, 10, 50])

rewrite_new_92: Num Blocks: 1 
Start Indices: [tensor([0, 0])] 
End Indices: [tensor([ 1, 10])] 
Total Size: tensor([ 1, 10], dtype=torch.int32) 
Type: <class 'float'> 
Dense Const: 0.0 
Blocks Types: 0-D
Blocks Shapes: 0-tensor([ 1, 10])

rewrite_new_13: Num Blocks: 1 
Start Indices: [tensor([  0,   0, 884])] 
End Indices: [tensor([  1,  10, 934])] 
Total Size: tensor([  1,  10, 984], dtype=torch.int32) 
Type: <class 'bool'> 
Dense Const: False 
Blocks Types: 0-D
Blocks Shapes: 0-tensor([ 1, 10, 50])

rewrite_new_15: Num Blocks: 0 
Start Indices: [] 
End Indices: [] 
Total Size: tensor([  1,  10, 984], dtype=torch.int32) 
Type: <class 'bool'> 
Dense Const: False 
Blocks Types
Blocks Shapes

rewrite_new_17: Num Blocks: 1 
Start Indices: [tensor([  0,   0, 884])] 
End Indices: [tensor([  1,  10, 934])] 
Total Size: tensor([  1,  10, 984], dtype=torch.int32) 
Type: <class 'bool'> 
Dense Const: False 
Blocks Types: 0-D
Blocks Shapes: 0-tensor([ 1, 10, 50])

rewrite_new_42: Num Blocks: 1 
Start Indices: [tensor([  0,   0, 884])] 
End Indices: [tensor([  1,  10, 934])] 
Total Size: tensor([  1,  10, 984], dtype=torch.int32) 
Type: <class 'bool'> 
Dense Const: True 
Blocks Types: 0-C-False
Blocks Shapes: 0-tensor([ 1, 10, 50])

rewrite_new_80: Num Blocks: 1 
Start Indices: [tensor([0, 0])] 
End Indices: [tensor([ 1, 10])] 
Total Size: tensor([ 1, 10], dtype=torch.int32) 
Type: <class 'float'> 
Dense Const: 0.0 
Blocks Types: 0-D
Blocks Shapes: 0-tensor([ 1, 10])

rewrite_new_89: Num Blocks: 1 
Start Indices: [tensor([  0,   0, 834])] 
End Indices: [tensor([  1,  10, 884])] 
Total Size: tensor([  1,  10, 984], dtype=torch.int32) 
Type: <class 'float'> 
Dense Const: 0.0 
Blocks Types: 0-D
Blocks Shapes: 0-tensor([ 1, 10, 50])

rewrite_new_90: Num Blocks: 1 
Start Indices: [tensor([0, 0])] 
End Indices: [tensor([ 1, 10])] 
Total Size: tensor([ 1, 10], dtype=torch.int32) 
Type: <class 'float'> 
Dense Const: 0.0 
Blocks Types: 0-D
Blocks Shapes: 0-tensor([ 1, 10])

rewrite_new_91: Num Blocks: 1 
Start Indices: [tensor([  0,   0, 834])] 
End Indices: [tensor([  1,  10, 884])] 
Total Size: tensor([  1,  10, 984], dtype=torch.int32) 
Type: <class 'float'> 
Dense Const: 0.0 
Blocks Types: 0-D
Blocks Shapes: 0-tensor([ 1, 10, 50])

rewrite_new_92: Num Blocks: 1 
Start Indices: [tensor([0, 0])] 
End Indices: [tensor([ 1, 10])] 
Total Size: tensor([ 1, 10], dtype=torch.int32) 
Type: <class 'float'> 
Dense Const: 0.0 
Blocks Types: 0-D
Blocks Shapes: 0-tensor([ 1, 10])

rewrite_new_13: Num Blocks: 1 
Start Indices: [tensor([  0,   0, 834])] 
End Indices: [tensor([  1,  10, 884])] 
Total Size: tensor([  1,  10, 984], dtype=torch.int32) 
Type: <class 'bool'> 
Dense Const: False 
Blocks Types: 0-D
Blocks Shapes: 0-tensor([ 1, 10, 50])

rewrite_new_15: Num Blocks: 0 
Start Indices: [] 
End Indices: [] 
Total Size: tensor([  1,  10, 984], dtype=torch.int32) 
Type: <class 'bool'> 
Dense Const: False 
Blocks Types
Blocks Shapes

rewrite_new_17: Num Blocks: 1 
Start Indices: [tensor([  0,   0, 834])] 
End Indices: [tensor([  1,  10, 884])] 
Total Size: tensor([  1,  10, 984], dtype=torch.int32) 
Type: <class 'bool'> 
Dense Const: False 
Blocks Types: 0-D
Blocks Shapes: 0-tensor([ 1, 10, 50])

rewrite_new_42: Num Blocks: 1 
Start Indices: [tensor([  0,   0, 834])] 
End Indices: [tensor([  1,  10, 884])] 
Total Size: tensor([  1,  10, 984], dtype=torch.int32) 
Type: <class 'bool'> 
Dense Const: True 
Blocks Types: 0-C-False
Blocks Shapes: 0-tensor([ 1, 10, 50])

rewrite_new_80: Num Blocks: 1 
Start Indices: [tensor([0, 0])] 
End Indices: [tensor([ 1, 10])] 
Total Size: tensor([ 1, 10], dtype=torch.int32) 
Type: <class 'float'> 
Dense Const: 0.0 
Blocks Types: 0-D
Blocks Shapes: 0-tensor([ 1, 10])

rewrite_new_89: Num Blocks: 1 
Start Indices: [tensor([  0,   0, 784])] 
End Indices: [tensor([  1,  10, 834])] 
Total Size: tensor([  1,  10, 984], dtype=torch.int32) 
Type: <class 'float'> 
Dense Const: 0.0 
Blocks Types: 0-D
Blocks Shapes: 0-tensor([ 1, 10, 50])

rewrite_new_90: Num Blocks: 1 
Start Indices: [tensor([0, 0])] 
End Indices: [tensor([ 1, 10])] 
Total Size: tensor([ 1, 10], dtype=torch.int32) 
Type: <class 'float'> 
Dense Const: 0.0 
Blocks Types: 0-D
Blocks Shapes: 0-tensor([ 1, 10])

rewrite_new_91: Num Blocks: 1 
Start Indices: [tensor([  0,   0, 784])] 
End Indices: [tensor([  1,  10, 834])] 
Total Size: tensor([  1,  10, 984], dtype=torch.int32) 
Type: <class 'float'> 
Dense Const: 0.0 
Blocks Types: 0-D
Blocks Shapes: 0-tensor([ 1, 10, 50])

rewrite_new_92: Num Blocks: 1 
Start Indices: [tensor([0, 0])] 
End Indices: [tensor([ 1, 10])] 
Total Size: tensor([ 1, 10], dtype=torch.int32) 
Type: <class 'float'> 
Dense Const: 0.0 
Blocks Types: 0-D
Blocks Shapes: 0-tensor([ 1, 10])

rewrite_new_13: Num Blocks: 1 
Start Indices: [tensor([  0,   0, 784])] 
End Indices: [tensor([  1,  10, 834])] 
Total Size: tensor([  1,  10, 984], dtype=torch.int32) 
Type: <class 'bool'> 
Dense Const: False 
Blocks Types: 0-D
Blocks Shapes: 0-tensor([ 1, 10, 50])

rewrite_new_15: Num Blocks: 0 
Start Indices: [] 
End Indices: [] 
Total Size: tensor([  1,  10, 984], dtype=torch.int32) 
Type: <class 'bool'> 
Dense Const: False 
Blocks Types
Blocks Shapes

rewrite_new_17: Num Blocks: 1 
Start Indices: [tensor([  0,   0, 784])] 
End Indices: [tensor([  1,  10, 834])] 
Total Size: tensor([  1,  10, 984], dtype=torch.int32) 
Type: <class 'bool'> 
Dense Const: False 
Blocks Types: 0-D
Blocks Shapes: 0-tensor([ 1, 10, 50])

rewrite_new_42: Num Blocks: 1 
Start Indices: [tensor([  0,   0, 784])] 
End Indices: [tensor([  1,  10, 834])] 
Total Size: tensor([  1,  10, 984], dtype=torch.int32) 
Type: <class 'bool'> 
Dense Const: True 
Blocks Types: 0-C-False
Blocks Shapes: 0-tensor([ 1, 10, 50])

rewrite_new_80: Num Blocks: 1 
Start Indices: [tensor([0, 0])] 
End Indices: [tensor([ 1, 10])] 
Total Size: tensor([ 1, 10], dtype=torch.int32) 
Type: <class 'float'> 
Dense Const: 0.0 
Blocks Types: 0-D
Blocks Shapes: 0-tensor([ 1, 10])

rewrite_new_89: Num Blocks: 1 
Start Indices: [tensor([0, 0, 0])] 
End Indices: [tensor([  1,  10, 784])] 
Total Size: tensor([  1,  10, 984], dtype=torch.int32) 
Type: <class 'float'> 
Dense Const: 0.0 
Blocks Types: 0-D
Blocks Shapes: 0-tensor([  1,  10, 784])

rewrite_new_90: Num Blocks: 1 
Start Indices: [tensor([0, 0])] 
End Indices: [tensor([ 1, 10])] 
Total Size: tensor([ 1, 10], dtype=torch.int32) 
Type: <class 'float'> 
Dense Const: 0.0 
Blocks Types: 0-D
Blocks Shapes: 0-tensor([ 1, 10])

rewrite_new_91: Num Blocks: 1 
Start Indices: [tensor([0, 0, 0])] 
End Indices: [tensor([  1,  10, 784])] 
Total Size: tensor([  1,  10, 984], dtype=torch.int32) 
Type: <class 'float'> 
Dense Const: 0.0 
Blocks Types: 0-D
Blocks Shapes: 0-tensor([  1,  10, 784])

rewrite_new_92: Num Blocks: 1 
Start Indices: [tensor([0, 0])] 
End Indices: [tensor([ 1, 10])] 
Total Size: tensor([ 1, 10], dtype=torch.int32) 
Type: <class 'float'> 
Dense Const: 0.0 
Blocks Types: 0-D
Blocks Shapes: 0-tensor([ 1, 10])

rewrite_new_13: Num Blocks: 1 
Start Indices: [tensor([0, 0, 0])] 
End Indices: [tensor([  1,  10, 784])] 
Total Size: tensor([  1,  10, 984], dtype=torch.int32) 
Type: <class 'bool'> 
Dense Const: False 
Blocks Types: 0-D
Blocks Shapes: 0-tensor([  1,  10, 784])

rewrite_new_15: Num Blocks: 0 
Start Indices: [] 
End Indices: [] 
Total Size: tensor([  1,  10, 984], dtype=torch.int32) 
Type: <class 'bool'> 
Dense Const: False 
Blocks Types
Blocks Shapes

rewrite_new_17: Num Blocks: 1 
Start Indices: [tensor([0, 0, 0])] 
End Indices: [tensor([  1,  10, 784])] 
Total Size: tensor([  1,  10, 984], dtype=torch.int32) 
Type: <class 'bool'> 
Dense Const: False 
Blocks Types: 0-D
Blocks Shapes: 0-tensor([  1,  10, 784])

rewrite_new_42: Num Blocks: 1 
Start Indices: [tensor([0, 0, 0])] 
End Indices: [tensor([  1,  10, 784])] 
Total Size: tensor([  1,  10, 984], dtype=torch.int32) 
Type: <class 'bool'> 
Dense Const: True 
Blocks Types: 0-C-False
Blocks Shapes: 0-tensor([  1,  10, 784])

rewrite_new_80: Num Blocks: 1 
Start Indices: [tensor([0, 0])] 
End Indices: [tensor([ 1, 10])] 
Total Size: tensor([ 1, 10], dtype=torch.int32) 
Type: <class 'float'> 
Dense Const: 0.0 
Blocks Types: 0-D
Blocks Shapes: 0-tensor([ 1, 10])

rewrite_new_89: Num Blocks: 0 
Start Indices: [] 
End Indices: [] 
Total Size: tensor([  1,  10, 984], dtype=torch.int32) 
Type: <class 'float'> 
Dense Const: 0.0 
Blocks Types
Blocks Shapes

rewrite_new_90: Num Blocks: 1 
Start Indices: [tensor([0, 0])] 
End Indices: [tensor([ 1, 10])] 
Total Size: tensor([ 1, 10], dtype=torch.int32) 
Type: <class 'float'> 
Dense Const: 0.0 
Blocks Types: 0-D
Blocks Shapes: 0-tensor([ 1, 10])

rewrite_new_91: Num Blocks: 0 
Start Indices: [] 
End Indices: [] 
Total Size: tensor([  1,  10, 984], dtype=torch.int32) 
Type: <class 'float'> 
Dense Const: 0.0 
Blocks Types
Blocks Shapes

rewrite_new_92: Num Blocks: 1 
Start Indices: [tensor([0, 0])] 
End Indices: [tensor([ 1, 10])] 
Total Size: tensor([ 1, 10], dtype=torch.int32) 
Type: <class 'float'> 
Dense Const: 0.0 
Blocks Types: 0-D
Blocks Shapes: 0-tensor([ 1, 10])

rewrite_new_18: -1.0
rewrite_new_24: Num Blocks: 1 
Start Indices: [tensor([0, 0])] 
End Indices: [tensor([ 1, 10])] 
Total Size: tensor([ 1, 10], dtype=torch.int32) 
Type: <class 'float'> 
Dense Const: 0.0 
Blocks Types: 0-D
Blocks Shapes: 0-tensor([ 1, 10])

rewrite_new_25: Num Blocks: 1 
Start Indices: [tensor([0, 0])] 
End Indices: [tensor([ 1, 10])] 
Total Size: tensor([ 1, 10], dtype=torch.int32) 
Type: <class 'float'> 
Dense Const: 0.0 
Blocks Types: 0-D
Blocks Shapes: 0-tensor([ 1, 10])

rewrite_new_32: Num Blocks: 0 
Start Indices: [] 
End Indices: [] 
Total Size: tensor([ 1, 10], dtype=torch.int32) 
Type: <class 'float'> 
Dense Const: 0.0 
Blocks Types
Blocks Shapes

rewrite_new_33: Num Blocks: 1 
Start Indices: [tensor([0, 0])] 
End Indices: [tensor([ 1, 10])] 
Total Size: tensor([ 1, 10], dtype=torch.int32) 
Type: <class 'float'> 
Dense Const: 0.0 
Blocks Types: 0-D
Blocks Shapes: 0-tensor([ 1, 10])

rewrite_new_34: Num Blocks: 1 
Start Indices: [tensor([0, 0])] 
End Indices: [tensor([ 1, 10])] 
Total Size: tensor([ 1, 10], dtype=torch.int32) 
Type: <class 'float'> 
Dense Const: 0.0 
Blocks Types: 0-D
Blocks Shapes: 0-tensor([ 1, 10])

rewrite_new_94: Num Blocks: 1 
Start Indices: [tensor([  0,   0, 934])] 
End Indices: [tensor([  1,  10, 984])] 
Total Size: tensor([  1,  10, 984], dtype=torch.int32) 
Type: <class 'bool'> 
Dense Const: False 
Blocks Types: 0-D
Blocks Shapes: 0-tensor([ 1, 10, 50])

rewrite_new_96: Num Blocks: 0 
Start Indices: [] 
End Indices: [] 
Total Size: tensor([  1,  10, 984], dtype=torch.int32) 
Type: <class 'bool'> 
Dense Const: False 
Blocks Types
Blocks Shapes

rewrite_new_98: Num Blocks: 1 
Start Indices: [tensor([  0,   0, 934])] 
End Indices: [tensor([  1,  10, 984])] 
Total Size: tensor([  1,  10, 984], dtype=torch.int32) 
Type: <class 'bool'> 
Dense Const: False 
Blocks Types: 0-D
Blocks Shapes: 0-tensor([ 1, 10, 50])

rewrite_new_118: Num Blocks: 1 
Start Indices: [tensor([  0,   0, 934])] 
End Indices: [tensor([  1,  10, 984])] 
Total Size: tensor([  1,  10, 984], dtype=torch.int32) 
Type: <class 'bool'> 
Dense Const: True 
Blocks Types: 0-C-False
Blocks Shapes: 0-tensor([ 1, 10, 50])

rewrite_new_156: Num Blocks: 1 
Start Indices: [tensor([0, 0])] 
End Indices: [tensor([ 1, 10])] 
Total Size: tensor([ 1, 10], dtype=torch.int32) 
Type: <class 'float'> 
Dense Const: 0.0 
Blocks Types: 0-D
Blocks Shapes: 0-tensor([ 1, 10])

rewrite_new_165: Num Blocks: 1 
Start Indices: [tensor([  0,   0, 884])] 
End Indices: [tensor([  1,  10, 934])] 
Total Size: tensor([  1,  10, 984], dtype=torch.int32) 
Type: <class 'float'> 
Dense Const: 0.0 
Blocks Types: 0-D
Blocks Shapes: 0-tensor([ 1, 10, 50])

rewrite_new_166: Num Blocks: 1 
Start Indices: [tensor([0, 0])] 
End Indices: [tensor([ 1, 10])] 
Total Size: tensor([ 1, 10], dtype=torch.int32) 
Type: <class 'float'> 
Dense Const: 0.0 
Blocks Types: 0-D
Blocks Shapes: 0-tensor([ 1, 10])

rewrite_new_167: Num Blocks: 1 
Start Indices: [tensor([  0,   0, 884])] 
End Indices: [tensor([  1,  10, 934])] 
Total Size: tensor([  1,  10, 984], dtype=torch.int32) 
Type: <class 'float'> 
Dense Const: 0.0 
Blocks Types: 0-D
Blocks Shapes: 0-tensor([ 1, 10, 50])

rewrite_new_168: Num Blocks: 1 
Start Indices: [tensor([0, 0])] 
End Indices: [tensor([ 1, 10])] 
Total Size: tensor([ 1, 10], dtype=torch.int32) 
Type: <class 'float'> 
Dense Const: 0.0 
Blocks Types: 0-D
Blocks Shapes: 0-tensor([ 1, 10])

rewrite_new_94: Num Blocks: 1 
Start Indices: [tensor([  0,   0, 884])] 
End Indices: [tensor([  1,  10, 934])] 
Total Size: tensor([  1,  10, 984], dtype=torch.int32) 
Type: <class 'bool'> 
Dense Const: False 
Blocks Types: 0-D
Blocks Shapes: 0-tensor([ 1, 10, 50])

rewrite_new_96: Num Blocks: 0 
Start Indices: [] 
End Indices: [] 
Total Size: tensor([  1,  10, 984], dtype=torch.int32) 
Type: <class 'bool'> 
Dense Const: False 
Blocks Types
Blocks Shapes

rewrite_new_98: Num Blocks: 1 
Start Indices: [tensor([  0,   0, 884])] 
End Indices: [tensor([  1,  10, 934])] 
Total Size: tensor([  1,  10, 984], dtype=torch.int32) 
Type: <class 'bool'> 
Dense Const: False 
Blocks Types: 0-D
Blocks Shapes: 0-tensor([ 1, 10, 50])

rewrite_new_118: Num Blocks: 1 
Start Indices: [tensor([  0,   0, 884])] 
End Indices: [tensor([  1,  10, 934])] 
Total Size: tensor([  1,  10, 984], dtype=torch.int32) 
Type: <class 'bool'> 
Dense Const: True 
Blocks Types: 0-C-False
Blocks Shapes: 0-tensor([ 1, 10, 50])

rewrite_new_156: Num Blocks: 1 
Start Indices: [tensor([0, 0])] 
End Indices: [tensor([ 1, 10])] 
Total Size: tensor([ 1, 10], dtype=torch.int32) 
Type: <class 'float'> 
Dense Const: 0.0 
Blocks Types: 0-D
Blocks Shapes: 0-tensor([ 1, 10])

rewrite_new_165: Num Blocks: 1 
Start Indices: [tensor([  0,   0, 834])] 
End Indices: [tensor([  1,  10, 884])] 
Total Size: tensor([  1,  10, 984], dtype=torch.int32) 
Type: <class 'float'> 
Dense Const: 0.0 
Blocks Types: 0-D
Blocks Shapes: 0-tensor([ 1, 10, 50])

rewrite_new_166: Num Blocks: 1 
Start Indices: [tensor([0, 0])] 
End Indices: [tensor([ 1, 10])] 
Total Size: tensor([ 1, 10], dtype=torch.int32) 
Type: <class 'float'> 
Dense Const: 0.0 
Blocks Types: 0-D
Blocks Shapes: 0-tensor([ 1, 10])

rewrite_new_167: Num Blocks: 1 
Start Indices: [tensor([  0,   0, 834])] 
End Indices: [tensor([  1,  10, 884])] 
Total Size: tensor([  1,  10, 984], dtype=torch.int32) 
Type: <class 'float'> 
Dense Const: 0.0 
Blocks Types: 0-D
Blocks Shapes: 0-tensor([ 1, 10, 50])

rewrite_new_168: Num Blocks: 1 
Start Indices: [tensor([0, 0])] 
End Indices: [tensor([ 1, 10])] 
Total Size: tensor([ 1, 10], dtype=torch.int32) 
Type: <class 'float'> 
Dense Const: 0.0 
Blocks Types: 0-D
Blocks Shapes: 0-tensor([ 1, 10])

rewrite_new_94: Num Blocks: 1 
Start Indices: [tensor([  0,   0, 834])] 
End Indices: [tensor([  1,  10, 884])] 
Total Size: tensor([  1,  10, 984], dtype=torch.int32) 
Type: <class 'bool'> 
Dense Const: False 
Blocks Types: 0-D
Blocks Shapes: 0-tensor([ 1, 10, 50])

rewrite_new_96: Num Blocks: 0 
Start Indices: [] 
End Indices: [] 
Total Size: tensor([  1,  10, 984], dtype=torch.int32) 
Type: <class 'bool'> 
Dense Const: False 
Blocks Types
Blocks Shapes

rewrite_new_98: Num Blocks: 1 
Start Indices: [tensor([  0,   0, 834])] 
End Indices: [tensor([  1,  10, 884])] 
Total Size: tensor([  1,  10, 984], dtype=torch.int32) 
Type: <class 'bool'> 
Dense Const: False 
Blocks Types: 0-D
Blocks Shapes: 0-tensor([ 1, 10, 50])

rewrite_new_118: Num Blocks: 1 
Start Indices: [tensor([  0,   0, 834])] 
End Indices: [tensor([  1,  10, 884])] 
Total Size: tensor([  1,  10, 984], dtype=torch.int32) 
Type: <class 'bool'> 
Dense Const: True 
Blocks Types: 0-C-False
Blocks Shapes: 0-tensor([ 1, 10, 50])

rewrite_new_156: Num Blocks: 1 
Start Indices: [tensor([0, 0])] 
End Indices: [tensor([ 1, 10])] 
Total Size: tensor([ 1, 10], dtype=torch.int32) 
Type: <class 'float'> 
Dense Const: 0.0 
Blocks Types: 0-D
Blocks Shapes: 0-tensor([ 1, 10])

rewrite_new_165: Num Blocks: 1 
Start Indices: [tensor([  0,   0, 784])] 
End Indices: [tensor([  1,  10, 834])] 
Total Size: tensor([  1,  10, 984], dtype=torch.int32) 
Type: <class 'float'> 
Dense Const: 0.0 
Blocks Types: 0-D
Blocks Shapes: 0-tensor([ 1, 10, 50])

rewrite_new_166: Num Blocks: 1 
Start Indices: [tensor([0, 0])] 
End Indices: [tensor([ 1, 10])] 
Total Size: tensor([ 1, 10], dtype=torch.int32) 
Type: <class 'float'> 
Dense Const: 0.0 
Blocks Types: 0-D
Blocks Shapes: 0-tensor([ 1, 10])

rewrite_new_167: Num Blocks: 1 
Start Indices: [tensor([  0,   0, 784])] 
End Indices: [tensor([  1,  10, 834])] 
Total Size: tensor([  1,  10, 984], dtype=torch.int32) 
Type: <class 'float'> 
Dense Const: 0.0 
Blocks Types: 0-D
Blocks Shapes: 0-tensor([ 1, 10, 50])

rewrite_new_168: Num Blocks: 1 
Start Indices: [tensor([0, 0])] 
End Indices: [tensor([ 1, 10])] 
Total Size: tensor([ 1, 10], dtype=torch.int32) 
Type: <class 'float'> 
Dense Const: 0.0 
Blocks Types: 0-D
Blocks Shapes: 0-tensor([ 1, 10])

rewrite_new_94: Num Blocks: 1 
Start Indices: [tensor([  0,   0, 784])] 
End Indices: [tensor([  1,  10, 834])] 
Total Size: tensor([  1,  10, 984], dtype=torch.int32) 
Type: <class 'bool'> 
Dense Const: False 
Blocks Types: 0-D
Blocks Shapes: 0-tensor([ 1, 10, 50])

rewrite_new_96: Num Blocks: 0 
Start Indices: [] 
End Indices: [] 
Total Size: tensor([  1,  10, 984], dtype=torch.int32) 
Type: <class 'bool'> 
Dense Const: False 
Blocks Types
Blocks Shapes

rewrite_new_98: Num Blocks: 1 
Start Indices: [tensor([  0,   0, 784])] 
End Indices: [tensor([  1,  10, 834])] 
Total Size: tensor([  1,  10, 984], dtype=torch.int32) 
Type: <class 'bool'> 
Dense Const: False 
Blocks Types: 0-D
Blocks Shapes: 0-tensor([ 1, 10, 50])

rewrite_new_118: Num Blocks: 1 
Start Indices: [tensor([  0,   0, 784])] 
End Indices: [tensor([  1,  10, 834])] 
Total Size: tensor([  1,  10, 984], dtype=torch.int32) 
Type: <class 'bool'> 
Dense Const: True 
Blocks Types: 0-C-False
Blocks Shapes: 0-tensor([ 1, 10, 50])

rewrite_new_156: Num Blocks: 1 
Start Indices: [tensor([0, 0])] 
End Indices: [tensor([ 1, 10])] 
Total Size: tensor([ 1, 10], dtype=torch.int32) 
Type: <class 'float'> 
Dense Const: 0.0 
Blocks Types: 0-D
Blocks Shapes: 0-tensor([ 1, 10])

rewrite_new_165: Num Blocks: 1 
Start Indices: [tensor([0, 0, 0])] 
End Indices: [tensor([  1,  10, 784])] 
Total Size: tensor([  1,  10, 984], dtype=torch.int32) 
Type: <class 'float'> 
Dense Const: 0.0 
Blocks Types: 0-D
Blocks Shapes: 0-tensor([  1,  10, 784])

rewrite_new_166: Num Blocks: 1 
Start Indices: [tensor([0, 0])] 
End Indices: [tensor([ 1, 10])] 
Total Size: tensor([ 1, 10], dtype=torch.int32) 
Type: <class 'float'> 
Dense Const: 0.0 
Blocks Types: 0-D
Blocks Shapes: 0-tensor([ 1, 10])

rewrite_new_167: Num Blocks: 1 
Start Indices: [tensor([0, 0, 0])] 
End Indices: [tensor([  1,  10, 784])] 
Total Size: tensor([  1,  10, 984], dtype=torch.int32) 
Type: <class 'float'> 
Dense Const: 0.0 
Blocks Types: 0-D
Blocks Shapes: 0-tensor([  1,  10, 784])

rewrite_new_168: Num Blocks: 1 
Start Indices: [tensor([0, 0])] 
End Indices: [tensor([ 1, 10])] 
Total Size: tensor([ 1, 10], dtype=torch.int32) 
Type: <class 'float'> 
Dense Const: 0.0 
Blocks Types: 0-D
Blocks Shapes: 0-tensor([ 1, 10])

rewrite_new_94: Num Blocks: 1 
Start Indices: [tensor([0, 0, 0])] 
End Indices: [tensor([  1,  10, 784])] 
Total Size: tensor([  1,  10, 984], dtype=torch.int32) 
Type: <class 'bool'> 
Dense Const: False 
Blocks Types: 0-D
Blocks Shapes: 0-tensor([  1,  10, 784])

rewrite_new_96: Num Blocks: 0 
Start Indices: [] 
End Indices: [] 
Total Size: tensor([  1,  10, 984], dtype=torch.int32) 
Type: <class 'bool'> 
Dense Const: False 
Blocks Types
Blocks Shapes

rewrite_new_98: Num Blocks: 1 
Start Indices: [tensor([0, 0, 0])] 
End Indices: [tensor([  1,  10, 784])] 
Total Size: tensor([  1,  10, 984], dtype=torch.int32) 
Type: <class 'bool'> 
Dense Const: False 
Blocks Types: 0-D
Blocks Shapes: 0-tensor([  1,  10, 784])

rewrite_new_118: Num Blocks: 1 
Start Indices: [tensor([0, 0, 0])] 
End Indices: [tensor([  1,  10, 784])] 
Total Size: tensor([  1,  10, 984], dtype=torch.int32) 
Type: <class 'bool'> 
Dense Const: True 
Blocks Types: 0-C-False
Blocks Shapes: 0-tensor([  1,  10, 784])

rewrite_new_156: Num Blocks: 1 
Start Indices: [tensor([0, 0])] 
End Indices: [tensor([ 1, 10])] 
Total Size: tensor([ 1, 10], dtype=torch.int32) 
Type: <class 'float'> 
Dense Const: 0.0 
Blocks Types: 0-D
Blocks Shapes: 0-tensor([ 1, 10])

rewrite_new_165: Num Blocks: 0 
Start Indices: [] 
End Indices: [] 
Total Size: tensor([  1,  10, 984], dtype=torch.int32) 
Type: <class 'float'> 
Dense Const: 0.0 
Blocks Types
Blocks Shapes

rewrite_new_166: Num Blocks: 1 
Start Indices: [tensor([0, 0])] 
End Indices: [tensor([ 1, 10])] 
Total Size: tensor([ 1, 10], dtype=torch.int32) 
Type: <class 'float'> 
Dense Const: 0.0 
Blocks Types: 0-D
Blocks Shapes: 0-tensor([ 1, 10])

rewrite_new_167: Num Blocks: 0 
Start Indices: [] 
End Indices: [] 
Total Size: tensor([  1,  10, 984], dtype=torch.int32) 
Type: <class 'float'> 
Dense Const: 0.0 
Blocks Types
Blocks Shapes

rewrite_new_168: Num Blocks: 1 
Start Indices: [tensor([0, 0])] 
End Indices: [tensor([ 1, 10])] 
Total Size: tensor([ 1, 10], dtype=torch.int32) 
Type: <class 'float'> 
Dense Const: 0.0 
Blocks Types: 0-D
Blocks Shapes: 0-tensor([ 1, 10])

rewrite_new_103: Num Blocks: 1 
Start Indices: [tensor([0, 0])] 
End Indices: [tensor([ 1, 10])] 
Total Size: tensor([ 1, 10], dtype=torch.int32) 
Type: <class 'float'> 
Dense Const: 0.0 
Blocks Types: 0-D
Blocks Shapes: 0-tensor([ 1, 10])

rewrite_new_104: Num Blocks: 1 
Start Indices: [tensor([0, 0])] 
End Indices: [tensor([ 1, 10])] 
Total Size: tensor([ 1, 10], dtype=torch.int32) 
Type: <class 'float'> 
Dense Const: 0.0 
Blocks Types: 0-D
Blocks Shapes: 0-tensor([ 1, 10])

rewrite_new_111: Num Blocks: 0 
Start Indices: [] 
End Indices: [] 
Total Size: tensor([ 1, 10], dtype=torch.int32) 
Type: <class 'float'> 
Dense Const: 0.0 
Blocks Types
Blocks Shapes

rewrite_new_112: Num Blocks: 1 
Start Indices: [tensor([0, 0])] 
End Indices: [tensor([ 1, 10])] 
Total Size: tensor([ 1, 10], dtype=torch.int32) 
Type: <class 'float'> 
Dense Const: 0.0 
Blocks Types: 0-D
Blocks Shapes: 0-tensor([ 1, 10])

rewrite_new_113: Num Blocks: 1 
Start Indices: [tensor([0, 0])] 
End Indices: [tensor([ 1, 10])] 
Total Size: tensor([ 1, 10], dtype=torch.int32) 
Type: <class 'float'> 
Dense Const: 0.0 
Blocks Types: 0-D
Blocks Shapes: 0-tensor([ 1, 10])

