dummy_mode in cli: flag: False
reuse_mode in cli: flag: False
Compilation successful ✅
Network loaded
Lower bounds: tensor([[ -83.9353,  -86.9959,  -91.3438,  -90.6808,  -89.9845, -104.6488,
         -106.9039,  -97.4060,  -82.4078],
        [-123.8931, -130.6379, -146.5941, -135.4425, -139.0564, -158.4992,
         -161.2122, -145.7556, -124.1517],
        [ -94.2263, -106.6532, -107.5336, -103.4702, -107.3875, -121.4326,
         -123.7812, -111.6098,  -94.7991],
        [-138.2744, -128.5726, -138.8689, -140.3333, -138.6920, -160.1396,
         -162.9933, -151.4737, -123.0905],
        [ -88.2919,  -92.5474, -100.5546,  -96.6784, -103.8579, -112.8400,
         -114.4955, -104.2801,  -90.2115],
        [ -57.9771,  -73.7072,  -68.4119,  -64.7129,  -68.7516,  -77.0209,
          -78.7817,  -69.9103,  -59.3624],
        [ -89.2016,  -91.9505, -100.4132,  -97.0204, -103.1558, -113.4381,
         -115.0777, -105.4965,  -90.3486],
        [-132.5093, -134.2590, -149.6392, -144.1845, -148.8051, -168.5421,
         -171.0563, -156.9734, -137.8293],
        [-205.7812, -210.0137, -231.0110, -224.0965, -224.9709, -262.8245,
         -265.9802, -241.9204, -204.3453],
        [ -71.3232,  -72.5333,  -80.4194,  -77.5695,  -83.4674,  -92.2262,
          -93.7574,  -86.3388,  -80.5548],
        [ -91.8907,  -75.7249,  -82.1100,  -84.6112,  -81.8743,  -95.3729,
          -97.6554,  -93.5275,  -71.5204],
        [ -94.8341,  -96.5931, -103.0398, -102.7524, -100.6323, -120.2721,
         -124.0204, -111.3123,  -93.9664],
        [ -59.9847,  -60.7287,  -68.1068,  -65.8671,  -69.2947,  -77.3870,
          -78.6514,  -72.2130,  -67.7154],
        [-148.6845, -138.8935, -149.4650, -150.6129, -148.5612, -171.9217,
         -175.2205, -163.5114, -131.7681],
        [ -74.1694,  -86.2228,  -85.2202,  -81.9424,  -84.9559,  -96.4989,
          -98.2897,  -88.5976,  -74.4975],
        [ -83.4758,  -84.5175,  -94.7929,  -91.6148,  -91.2089, -108.2361,
         -108.3624,  -98.2590,  -82.6537],
        [ -42.4005,  -43.0470,  -48.9061,  -47.2078,  -51.7895,  -56.2630,
          -57.4160,  -52.3875,  -54.3380],
        [-140.2970, -143.5219, -153.2417, -151.1090, -151.0022, -174.5701,
         -178.1185, -162.7086, -137.5851],
        [-200.6458, -199.9036, -219.8642, -218.1260, -216.3571, -250.2529,
         -254.0059, -233.4816, -195.5611],
        [ -72.2606,  -75.2992,  -82.1308,  -79.1352,  -85.2443,  -92.0911,
          -93.3384,  -85.0861,  -73.1258],
        [ -86.2000,  -88.3350,  -96.5674,  -93.6759,  -97.8593, -109.9842,
         -111.8808, -102.5755,  -92.0286],
        [ -71.8254,  -72.8414,  -79.5058,  -78.2079,  -77.2979,  -92.2040,
          -94.6081,  -84.7335,  -72.9111],
        [ -99.3306, -100.9776, -108.1383, -107.7477, -106.4339, -125.5536,
         -129.1643, -115.8386,  -98.6381],
        [ -56.7107,  -56.7269,  -65.0998,  -62.5876,  -61.3623,  -75.5701,
          -74.6547,  -66.9628,  -56.2693],
        [-139.1109, -143.2228, -156.2941, -151.5881, -157.8880, -176.5269,
         -179.2504, -163.2770, -140.2726],
        [-130.5942, -120.5007, -130.6269, -129.8640, -129.9091, -149.3058,
         -152.6376, -143.4508, -115.2041],
        [-139.4365, -141.4446, -153.2644, -150.4325, -150.7056, -173.8213,
         -177.0043, -161.7374, -137.1828],
        [ -80.2856,  -84.3360,  -91.8293,  -87.8987,  -96.3744, -102.7455,
         -104.1327,  -94.9378,  -82.4955],
        [-125.3801, -116.1559, -125.3197, -126.7156, -124.5784, -144.4478,
         -147.0305, -137.3982, -110.2282],
        [-131.5756, -144.8179, -149.0252, -144.2704, -148.2313, -168.6464,
         -171.8133, -155.7032, -132.1071],
        [ -89.2154,  -89.8841,  -97.0284, -101.6133,  -95.8069, -111.6565,
         -113.2311, -102.9377,  -86.4997],
        [-141.9975, -153.5568, -160.0532, -155.4191, -159.1909, -181.7253,
         -184.7835, -167.6469, -142.5298],
        [ -86.3552,  -87.7178,  -94.3393,  -99.4983,  -93.4253, -108.5812,
         -110.1009,  -99.9715,  -84.3020],
        [-257.4156, -261.5955, -285.7505, -277.2668, -285.8391, -322.3728,
         -327.6162, -299.4517, -254.2692],
        [ -83.0489,  -86.3713,  -91.7595,  -90.6853,  -89.9760, -104.4136,
         -106.5242,  -97.0184,  -82.6990],
        [-146.9669, -152.7721, -169.7335, -160.0166, -163.3035, -186.1583,
         -189.3514, -173.4173, -146.3345],
        [ -94.1486,  -96.2480, -103.5640, -101.7700, -101.8580, -117.6752,
         -120.0137, -109.7591,  -93.2956],
        [-115.6667, -129.3100, -131.6059, -126.4953, -131.3539, -148.8948,
         -151.6956, -137.4956, -116.2705],
        [-145.9138, -151.9511, -166.7310, -158.4960, -160.7801, -184.3768,
         -187.5424, -170.7977, -143.8928],
        [ -72.3436,  -86.1289,  -83.3146,  -79.8880,  -82.9628,  -94.2098,
          -96.0899,  -86.2500,  -71.8664],
        [-168.4297, -180.9240, -190.0995, -184.4393, -188.5165, -215.0496,
         -218.7625, -198.4264, -168.6841],
        [-147.5027, -150.7520, -163.1037, -159.9057, -160.5953, -184.8962,
         -188.2440, -171.8064, -146.0173],
        [ -47.9815,  -50.7826,  -55.6502,  -52.9182,  -61.9316,  -62.4665,
          -63.2054,  -57.2150,  -50.6574],
        [-225.9360, -233.6091, -256.0562, -246.4485, -250.7401, -287.2909,
         -291.8089, -265.0849, -225.4233],
        [-117.1345, -119.5229, -129.6244, -130.9548, -127.5644, -147.7078,
         -149.8401, -136.3746, -115.4024],
        [ -64.7508,  -65.0046,  -73.6596,  -70.5641,  -69.4343,  -84.9038,
          -84.4216,  -76.6050,  -62.9476],
        [-158.5992, -172.0902, -179.1558, -173.4733, -177.5337, -202.7092,
         -206.3358, -187.1598, -159.1746],
        [-155.8148, -162.4598, -179.6277, -169.8904, -173.4357, -198.3620,
         -201.3259, -183.0563, -155.2761],
        [ -76.4270,  -79.8978,  -86.8616,  -83.9426,  -90.5078,  -97.9986,
          -99.2130,  -90.2790,  -77.9780],
        [ -51.8820,  -55.6007,  -61.0886,  -57.5465,  -67.0938,  -68.0643,
          -68.8544,  -62.2120,  -56.3803],
        [-131.5415, -134.7449, -146.8618, -144.7537, -143.8492, -169.0016,
         -172.5568, -154.6983, -133.6977],
        [-112.0406, -112.9532, -121.4608, -126.6072, -119.7913, -139.7162,
         -141.8286, -128.9377, -108.0922],
        [-105.7650, -106.7582, -119.5007, -115.8524, -114.7986, -136.9003,
         -137.0199, -124.3319, -104.1201],
        [-112.9234, -114.8665, -126.7632, -123.4969, -123.5734, -144.4924,
         -145.6581, -132.5917, -111.8379],
        [-145.8808, -146.6017, -158.7842, -158.1685, -156.4682, -183.6133,
         -187.8783, -169.7755, -143.5307],
        [-145.5479, -138.1697, -148.1122, -148.1782, -147.7776, -170.0595,
         -173.5066, -161.9385, -131.2404],
        [ -52.0180,  -55.8729,  -60.9090,  -57.4902,  -67.0873,  -67.6390,
          -68.4868,  -62.1904,  -55.1918],
        [-103.8186, -117.1136, -118.6147, -113.9912, -118.4376, -133.8791,
         -136.4648, -122.9795, -104.9770],
        [ -54.4022,  -54.6539,  -62.1833,  -59.6766,  -64.8107,  -71.2108,
          -72.4436,  -66.3597,  -65.3775],
        [-155.8858, -160.4105, -176.7524, -171.3097, -171.8227, -201.1206,
         -202.6057, -183.7814, -155.3656],
        [-106.2811, -107.9436, -116.2679, -113.1554, -113.9968, -131.5624,
         -134.3233, -122.9986, -104.3712],
        [-105.5694, -101.0238, -112.0952, -108.5846, -109.4969, -127.1634,
         -129.3980, -125.5333,  -96.3637],
        [-144.6134, -146.3329, -161.2171, -156.7350, -158.6093, -182.9319,
         -185.5186, -169.8119, -144.9091],
        [ -97.8079,  -99.8449, -108.6666, -109.4473, -106.4972, -122.9684,
         -124.8127, -113.8022,  -96.2124],
        [ -75.9869,  -79.7389,  -84.0840,  -82.6881,  -84.2324,  -95.9733,
          -97.9959,  -89.6164,  -76.3682],
        [-126.1722, -129.7225, -141.3853, -137.3042, -142.1843, -159.7112,
         -162.1042, -148.1115, -126.2071],
        [-116.5988, -118.9623, -127.2095, -126.9037, -125.6481, -146.9087,
         -150.4337, -135.5213, -114.9355],
        [-109.4931, -114.2668, -124.5252, -120.0615, -126.8091, -139.9101,
         -141.8715, -128.9693, -110.9518],
        [ -35.8714,  -36.5566,  -38.2555,  -50.9634,  -39.2287,  -45.7003,
          -46.3814,  -39.2796,  -33.8699],
        [ -97.1273,  -80.2566,  -89.1758,  -90.5927,  -89.0867, -102.9546,
         -104.9722, -100.3717,  -77.4835],
        [-189.3167, -194.1279, -208.0544, -204.8298, -205.3038, -236.7348,
         -241.3564, -220.2524, -186.9697],
        [-153.3234, -138.0436, -149.4605, -150.7246, -149.0635, -171.6885,
         -175.2875, -164.8826, -131.2712],
        [-135.0345, -139.7690, -155.2093, -147.2237, -149.4883, -170.7445,
         -173.4631, -158.8492, -133.9699],
        [-132.5921, -134.8712, -148.0057, -143.9798, -148.9551, -167.8940,
         -170.7207, -157.1811, -137.4899],
        [-126.7541, -138.3578, -143.4695, -138.9216, -142.7039, -162.4048,
         -165.1732, -149.8061, -126.7358],
        [ -61.8613,  -65.1033,  -67.3351,  -66.8766,  -67.1267,  -76.9331,
          -78.8953,  -71.1153,  -60.0310],
        [ -68.1985,  -68.1442,  -73.2630,  -79.4883,  -72.8917,  -85.0246,
          -86.1473,  -78.3107,  -65.7987],
        [-202.8638, -207.4983, -228.6795, -220.4197, -222.8544, -255.6907,
         -259.8704, -237.0765, -201.7712],
        [-115.6184, -118.5057, -129.4335, -125.3583, -129.9264, -146.6710,
         -149.3108, -137.0688, -119.9410],
        [ -97.3574, -100.4112, -106.3906, -104.7829, -104.4259, -121.1859,
         -123.8555, -112.9027,  -96.1738],
        [ -90.6956,  -92.4485,  -99.6581,  -96.7301,  -98.3431, -112.8118,
         -115.1458, -105.5321,  -90.5472],
        [ -93.7297,  -97.1299, -105.2943, -103.4236, -102.9228, -121.4900,
         -124.3477, -110.9348,  -96.5066],
        [ -78.5725,  -85.4853,  -96.3801,  -87.3968,  -89.0143, -102.0842,
         -103.5224,  -93.3456,  -79.1543],
        [ -43.8204,  -44.7399,  -46.7826,  -46.2850,  -46.5411,  -53.8280,
          -55.3505,  -50.3944,  -43.7495],
        [-150.4069, -149.7141, -163.9374, -159.6643, -163.3300, -186.1443,
         -189.3159, -177.4558, -145.2205],
        [ -66.1303,  -71.4810,  -77.2859,  -73.0528,  -82.8778,  -85.8943,
          -86.9599,  -78.8458,  -68.7517],
        [-113.6211, -117.1377, -125.2831, -123.3185, -123.3084, -142.5610,
         -145.3815, -132.7315, -112.9910],
        [-102.6396, -105.5412, -113.6100, -115.5815, -112.2142, -129.8239,
         -131.6181, -119.5291, -101.0652],
        [-125.3029, -128.4060, -139.2105, -137.0115, -136.8638, -160.0992,
         -163.7354, -147.4544, -126.1837],
        [ -98.1902, -111.4133, -112.3973, -108.2159, -111.7284, -126.8568,
         -129.1930, -116.1018,  -98.7251],
        [ -72.9872,  -72.1492,  -77.2442,  -85.1518,  -77.2342,  -90.1375,
          -91.3808,  -83.1249,  -69.6351],
        [-121.9194, -124.6396, -135.8608, -133.7319, -133.3748, -156.4626,
         -159.9756, -143.8789, -124.3975],
        [-108.9060, -110.7283, -121.5760, -117.9895, -122.0449, -137.5873,
         -139.8051, -128.7456, -110.3807],
        [ -98.3749,  -99.4728, -108.2471, -110.5131, -107.7139, -123.7354,
         -125.4271, -114.3743,  -97.9871],
        [-101.3385, -115.0224, -115.2338, -110.6387, -115.5331, -130.2687,
         -132.9098, -120.3370, -101.1896],
        [-181.7165, -186.3979, -204.3739, -197.0426, -208.1697, -230.4493,
         -233.9089, -214.1541, -182.6808],
        [-149.8260, -159.0224, -168.2551, -163.6600, -166.7483, -190.7891,
         -193.8786, -176.2667, -149.8973],
        [ -71.1183,  -75.2401,  -78.7363,  -76.6527,  -77.7109,  -88.7032,
          -90.8563,  -82.5810,  -68.5606],
        [-145.8768, -150.4612, -163.0531, -159.0538, -159.4322, -185.7381,
         -189.2535, -170.9182, -145.7744],
        [ -57.2037,  -58.3679,  -65.8104,  -63.3799,  -69.3994,  -75.3634,
          -76.9691,  -70.1425,  -71.2913]], dtype=torch.float64)
Upper bounds: tensor([[135.4489, 115.5062, 140.6145, 138.9707, 134.7960, 156.9040, 150.9794,
         141.1309, 124.2714],
        [147.2474, 129.5091, 123.3085, 165.3621, 149.7184, 186.3153, 169.5406,
         171.3841, 144.6550],
        [113.2179,  81.3582, 121.8680, 125.0280, 114.4573, 140.3173, 137.3026,
         124.0907, 111.6410],
        [107.7198, 126.1866, 160.8849, 157.2107, 143.2928, 177.9902, 172.2962,
         165.3068, 128.7339],
        [106.2401,  90.4527, 110.3154, 108.1282,  83.1811, 127.7429, 126.7275,
         114.3027,  95.0449],
        [ 76.0552,  36.1811,  80.2422,  84.2520,  77.4856,  93.9748,  91.2526,
          82.9985,  77.5278],
        [107.2129,  93.0617, 113.4446, 109.6813,  87.8706, 126.5500, 127.6473,
         110.6456,  95.0484],
        [155.5156, 137.9554, 159.0606, 162.0034, 154.2753, 184.3851, 192.1833,
         166.1411, 124.2233],
        [229.9273, 201.9818, 248.4212, 251.1416, 235.7711, 261.0631, 268.8296,
         252.3962, 217.6347],
        [ 97.9499,  85.3900, 103.6491, 100.0528,  92.4066, 109.6450, 119.6642,
          99.3715,  62.7589],
        [ 43.8417,  83.5371, 100.5943, 107.9551,  96.5182, 118.4408, 108.4435,
         108.2675,  81.8790],
        [ 98.4233,  90.3233, 112.0773, 113.3778,  98.6416, 139.0751,  62.5233,
         117.3463, 107.4522],
        [ 75.7437,  68.2994,  78.6468,  77.7588,  76.9714,  89.0859,  96.0267,
          81.4177,  46.9141],
        [125.0622, 140.6351, 177.6364, 175.9769, 162.5354, 200.8902, 192.6679,
         178.8961, 145.7330],
        [ 87.5727,  56.1703,  95.4721,  95.9512,  89.6007, 106.3450, 106.7576,
          92.1920,  87.4287],
        [ 94.8323,  84.5133, 104.1669, 106.2870,  98.6324,  89.3188, 116.7724,
         105.7819,  90.9265],
        [ 60.5816,  55.1074,  63.1572,  61.4296,  60.5066,  71.0206,  76.6830,
          66.5168,  24.7511],
        [201.6829, 175.8199, 211.5913, 211.1028, 202.4564, 241.0771, 231.1255,
         214.7674, 186.4416],
        [225.8284, 204.7794, 244.8307, 229.4295, 226.4610, 275.7118, 272.1442,
         239.0252, 206.2585],
        [ 87.7818,  76.1143,  91.2300,  88.5746,  65.6022, 104.9079, 104.7432,
          94.4291,  79.9282],
        [110.7400,  96.3683, 117.5349, 115.7803, 109.1583, 130.0514, 135.0309,
         117.7724,  83.9142],
        [ 73.5264,  68.8581,  82.3089,  86.5705,  74.6954,  97.8139,  52.0861,
          90.3205,  76.8527],
        [106.5870,  98.8807, 121.1967, 121.1680, 105.0481, 148.4290,  80.9993,
         130.0950, 112.8860],
        [ 54.8930,  52.9367,  68.0795,  70.1694,  66.2895,  30.3277,  74.8354,
          68.8441,  55.6394],
        [167.5046, 146.9962, 177.2442, 175.1921, 149.4186, 201.4315, 198.0815,
         183.4810, 152.0658],
        [ 98.5167, 118.0624, 142.6841, 151.9900, 135.9431, 174.7325, 156.8795,
         148.1698, 120.1059],
        [189.1959, 167.9547, 197.9685, 199.6870, 190.2784, 227.2278, 220.9576,
         205.6087, 174.1006],
        [ 94.5785,  80.6802,  98.6909,  95.4057,  66.7180, 114.1179, 115.5762,
         101.6636,  84.2794],
        [100.6184, 116.3918, 147.7047, 144.6264, 133.7900, 163.3604, 160.3833,
         147.3142, 119.6122],
        [152.3600, 115.1361, 164.8798, 165.0034, 154.9372, 189.3611, 184.3975,
         163.8963, 146.6014],
        [105.3853,  92.3252, 115.2269,  85.4574, 101.5804, 128.8476, 123.2380,
         110.2943,  93.2099],
        [167.3864, 131.3623, 182.5044, 180.6491, 168.9672, 201.8382, 202.8896,
         180.6717, 158.2292],
        [104.2871,  88.9326, 112.1461,  78.7597,  97.6471, 126.3890, 121.0740,
         105.8530,  89.8905],
        [284.9810, 257.0165, 309.8589, 312.6118, 273.9066, 360.8036, 351.0229,
         323.5232, 270.4704],
        [135.4156, 114.2282, 135.6660, 134.9923, 132.6057, 154.4952, 150.2428,
         138.5707, 120.5465],
        [173.1103, 151.1732, 156.0853, 186.1039, 175.1051, 216.1971, 205.3657,
         185.6189, 161.3259],
        [139.2160, 121.1501, 142.1772, 143.4285, 138.0491, 163.5701, 157.5255,
         145.7722, 124.9949],
        [137.1415,  99.5211, 148.2869, 150.6789, 137.9708, 167.7415, 166.1979,
         144.6600, 133.1257],
        [169.7511, 148.2610, 162.2573, 186.8970, 175.0909, 213.7165, 201.9652,
         190.5672, 164.3432],
        [ 86.2405,  51.2896,  94.4695,  96.3872,  89.2825, 106.8667, 105.0085,
          92.6177,  89.9909],
        [200.2989, 160.1661, 214.1715, 214.3366, 200.5645, 243.7203, 240.6859,
         217.0747, 189.7550],
        [200.6174, 175.4872, 208.1822, 208.9642, 198.9821, 238.8538, 232.0611,
         215.3852, 183.1830],
        [ 61.6175,  54.0161,  65.8199,  59.8852,  22.7125,  73.8461,  66.0122,
          65.4085,  54.4163],
        [260.5155, 227.1837, 265.6477, 280.4921, 257.4934, 316.7881, 304.1318,
         289.8472, 247.1749],
        [132.6655, 115.7046, 142.6083, 123.0319, 131.3992, 161.9928, 157.6501,
         142.2829, 119.7399],
        [ 66.7121,  60.8976,  77.6581,  81.5502,  76.7682,  48.3375,  85.7896,
          74.3919,  67.9433],
        [183.0035, 143.0506, 197.9303, 199.5704, 188.2789, 226.2791, 222.7548,
         199.7910, 174.2728],
        [181.2776, 158.4210, 171.3370, 199.0527, 184.3415, 221.0396, 217.6886,
         204.1683, 172.9001],
        [ 91.8893,  78.5638,  98.1781,  92.5540,  68.1543, 107.2531, 109.7387,
          98.2297,  82.8596],
        [ 65.1374,  55.4777,  67.2794,  63.6217,  29.6807,  77.2783,  74.8092,
          70.7107,  53.2998],
        [148.4645, 132.0170, 161.2841, 159.1587, 146.0537, 184.3129, 136.7533,
         172.0101, 144.6712],
        [131.4807, 115.8396, 145.6668, 111.9297, 129.9982, 163.4961, 155.7923,
         140.3480, 118.7589],
        [112.1383, 100.6027, 127.2579, 127.4588, 120.3066, 105.4963, 141.8019,
         126.7185, 107.9807],
        [129.1178, 114.0197, 140.9472, 139.7530, 131.3274, 138.5849, 156.3640,
         141.3621, 120.7396],
        [159.4385, 146.6705, 180.5347, 174.4468, 156.7432, 209.6363, 146.2319,
         184.5291, 162.0827],
        [125.1729, 134.7344, 171.7346, 171.0393, 156.5031, 197.0328, 186.6074,
         169.6333, 140.4292],
        [ 66.9460,  56.3250,  68.3007,  64.0798,  28.7488,  80.8502,  76.0800,
          69.8285,  57.7715],
        [127.4288,  92.6276, 136.0027, 140.1382, 128.4260, 156.7122, 154.0735,
         139.8978, 123.8885],
        [ 72.0486,  66.0412,  75.8381,  75.2271,  70.9635,  83.2709,  90.7128,
          78.6594,  36.6327],
        [185.4993, 159.0625, 198.3842, 198.1747, 186.3184, 193.5448, 222.1917,
         199.7517, 173.3350],
        [164.3237, 146.1061, 167.4761, 176.4707, 166.8554, 194.4277, 189.5918,
         175.9138, 151.7853],
        [114.3055,  99.0207, 116.8887, 117.5618, 116.5790, 139.4276, 138.9087,
          71.9841, 104.4433],
        [171.0244, 152.0353, 181.8747, 182.9377, 172.9821, 199.8538, 205.1147,
         184.4076, 152.3218],
        [116.1869, 101.7655, 120.2013, 106.9593, 115.4890, 142.5285, 138.6363,
         123.5784, 103.6983],
        [137.9766, 113.5773, 137.0872, 135.0511, 127.5445, 152.6463, 150.8078,
         133.2036, 120.3414],
        [145.1034, 126.6276, 154.8068, 152.0720, 132.3296, 175.8363, 174.6709,
         156.8786, 132.9062],
        [125.1521, 114.1884, 142.7725, 137.6699, 124.7969, 168.7107, 116.3522,
         149.1621, 128.5872],
        [133.6979, 114.8496, 138.7492, 137.4206, 111.8331, 158.3632, 158.7063,
         145.3279, 121.4813],
        [ 42.6116,  35.7426,  47.6972,   0.7984,  38.4207,  48.8363,  51.6638,
          40.9278,  34.0020],
        [ 49.3966,  89.2123, 103.7824, 112.6732,  95.8347, 119.3987, 114.5783,
         111.9778,  84.4306],
        [264.7199, 229.4742, 277.3779, 275.0209, 263.4988, 315.9185, 304.1661,
         281.4297, 242.9355],
        [111.2387, 142.7129, 175.1920, 181.0277, 162.5878, 205.8538, 193.4644,
         183.2932, 144.9234],
        [155.0797, 136.6275, 143.2682, 166.0940, 158.5683, 193.5464, 188.1020,
         168.2677, 144.5502],
        [163.5208, 142.1975, 171.0676, 166.6654, 157.9567, 194.5358, 198.5192,
         167.2770, 130.1702],
        [149.0924, 114.5240, 161.3786, 160.7656, 149.2272, 180.7990, 181.3877,
         159.4952, 143.1957],
        [132.1603, 111.6713, 131.6217, 131.8459, 122.9718, 148.8671, 141.3942,
         136.1372, 124.0919],
        [ 77.6597,  67.2003,  86.9076,  50.4868,  73.0329,  95.8234,  92.2305,
          78.4055,  65.6382],
        [238.9688, 212.8196, 240.0654, 257.1679, 243.6905, 294.4683, 285.8987,
         266.8607, 221.6686],
        [146.8363, 126.6814, 152.1817, 152.4601, 142.6557, 174.8868, 174.5798,
         152.7102, 119.6382],
        [173.2912, 148.7062, 174.3362, 177.6596, 169.7770, 196.7693, 192.1988,
         178.8879, 156.7127],
        [139.5072, 123.0267, 142.2946, 149.3685, 140.8027, 164.3818, 162.2947,
         148.6827, 124.6544],
        [101.8150,  90.5322, 111.0894, 113.3202, 101.6551, 130.0881,  83.0323,
         121.7625, 101.3207],
        [ 95.3919,  80.9337,  68.7217, 106.8500, 102.1157, 116.9228, 112.6317,
         110.3688,  93.8650],
        [ 93.9237,  81.8633,  95.0250,  97.7979,  93.5046, 107.6526, 104.2319,
          98.3078,  83.3584],
        [168.3758, 147.7248, 180.1384, 175.7126, 163.5229, 205.6960, 205.0732,
         152.2394, 151.3450],
        [ 85.0114,  69.7898,  85.9823,  83.2977,  47.8163, 100.0813,  98.7301,
          88.3584,  76.8862],
        [182.6359, 155.2411, 184.2854, 183.8688, 177.1753, 207.9304, 203.9960,
         185.9562, 163.0589],
        [119.3957, 101.9713, 128.7363, 107.0582, 115.6244, 143.6339, 140.8713,
         126.1386, 108.3642],
        [142.3393, 126.0617, 154.5747, 153.5754, 138.4305, 180.6006, 130.2006,
         160.6329, 139.8437],
        [114.3692,  81.7870, 124.3527, 127.7735, 117.9482, 142.3054, 140.1352,
         129.1118, 114.4749],
        [ 80.2084,  70.4564,  92.9983,  48.7059,  76.4161, 102.3814,  96.9127,
          82.6754,  67.8609],
        [135.5898, 120.4980, 147.3615, 146.2073, 133.1069, 171.1225, 121.8499,
         154.6445, 130.3088],
        [132.5316, 116.2662, 138.0611, 136.7043, 124.9286, 157.5267, 158.7494,
         135.5010, 112.4597],
        [109.8076,  97.6539, 120.5855,  97.8420, 108.0448, 135.0176, 135.6133,
         118.6244,  93.2982],
        [114.6536,  80.2050, 126.5574, 129.0721, 116.3265, 145.9623, 140.6122,
         122.9039, 115.8180],
        [215.0286, 188.1892, 227.0563, 224.4241, 183.3013, 257.7339, 256.7096,
         226.8531, 195.1356],
        [174.1011, 142.4853, 188.7721, 187.4369, 176.6473, 210.8424, 211.8389,
         189.7601, 163.1762],
        [140.4075, 116.8935, 135.5551, 141.9341, 130.1511, 159.6882, 150.8437,
         140.9999, 132.6290],
        [159.1049, 140.7889, 172.7334, 176.6654, 164.0457, 200.2044, 169.7565,
         184.9277, 156.7250],
        [ 79.3863,  70.9049,  81.9974,  80.3531,  77.3556,  94.8915,  98.2184,
          87.5300,  37.2709]], dtype=torch.float64)
Total time: 232.08 seconds
Matmul timing (vs block sparse):
  block sparse (SparseTensor.matmul): 2.16154 s (28 calls) [baseline]
  CSR multiply: 3.56979 s (2800 calls) — 1.7x slower than block sparse
  COO multiply: 5.51322 s (2800 calls) — 2.6x slower than block sparse
  BSR multiply (8x8, via COO): 67.76661 s (2800 calls) — 31.4x slower than block sparse
  BSR multiply (derived, via COO): 45.94078 s (2800 calls) — 21.3x slower than block sparse
CONSTRAINTFLOW_TIMING_JSON={"wall_time_s": 232.08348033499897, "block_sparse": {"seconds": 2.161543119014823, "calls": 28}, "csr": {"encode": {"seconds": 30.532111133004946, "calls": 2800}, "mul": {"seconds": 3.5697853020956245, "calls": 2800}}, "coo": {"encode": {"seconds": 29.226268573003836, "calls": 2800}, "mul": {"seconds": 5.5132150119479775, "calls": 2800}}, "bsr_fixed": {"encode": {"seconds": 19.241033009067905, "calls": 2800}, "mul": {"seconds": 67.76661162402706, "calls": 2800}}, "bsr_dynamic": {"encode": {"seconds": 16.537049755956104, "calls": 2800}, "mul": {"seconds": 45.940776198069216, "calls": 2800}}, "verify": {"seconds": 8.297530734991597, "calls": 28}, "inner_prod_total": {"seconds": 231.94776962000105, "calls": 28}}

--- stderr ---
/home/aval/constraintflow-gpu/constraintflow/gbcsr/sparse_tensor.py:540: UserWarning: Sparse CSR tensor support is in beta state. If you miss a functionality in the sparse tensor support, please submit a feature request to https://github.com/pytorch/pytorch/issues. (Triggered internally at /pytorch/aten/src/ATen/SparseCsrTensorImpl.cpp:53.)
  return coo.to_sparse_csr()
