dummy_mode in cli: flag: False
reuse_mode in cli: flag: False
Compilation successful ✅
Network loaded
Lower bounds: tensor([[ 1.0292e+01,  1.0510e+01,  6.2873e+00,  7.4846e+00,  1.1424e+01,
          1.0844e+01,  1.6863e+01,  9.2367e+00,  8.4399e+00],
        [-8.7916e+00, -1.4210e+01, -2.0168e+01, -1.1261e+01, -2.7238e+00,
         -7.9259e+00, -1.0054e+01, -1.0621e+01,  1.7270e+00],
        [ 2.4511e+00, -8.5518e+00, -1.2267e+00,  7.9803e-02, -6.0590e-01,
         -7.3220e-02,  5.5075e-01, -1.4007e+00,  1.3150e+00],
        [-1.4406e+01, -1.8257e-01, -5.1265e+00, -3.5636e+00, -4.6642e+00,
         -4.4991e+00, -7.4586e+00, -3.3306e+00, -4.9377e+00],
        [-3.2109e+00,  8.9886e-01, -1.5268e+00, -4.2015e-01, -1.2681e+01,
         -1.3630e+00, -1.4491e+00, -2.9703e+00, -5.7309e+00],
        [ 2.7449e+00, -8.3605e+00,  1.3610e-01,  4.7665e-01,  5.7440e-01,
          1.1335e+00,  1.9274e+00, -1.7383e+00,  1.6819e+00],
        [ 2.5625e+00, -1.5462e+00, -1.1649e+00,  7.3881e-01, -9.5043e+00,
         -4.9091e-01,  5.2065e+00, -6.0028e+00, -3.7939e+00],
        [-2.7752e-01, -2.5363e+00, -4.6909e+00, -3.2704e+00, -5.2879e+00,
         -3.8541e+00,  1.3648e+00, -2.3761e+00, -8.5057e+00],
        [-1.0113e+01, -6.0762e+00, -8.6694e+00, -6.2316e+00, -5.6004e+00,
         -1.7418e+01, -1.6296e+01, -1.4050e+01, -9.6357e+00],
        [ 1.3866e+00,  5.5637e+00,  3.6785e+00,  9.8496e-01, -1.1590e+00,
          1.2880e+00,  6.4902e+00, -1.6376e+00, -5.7632e+00],
        [-1.7610e+01, -2.3929e+00, -5.3369e+00, -3.3289e+00,  5.8272e-01,
         -4.2421e+00, -5.4525e+00, -5.3005e+00, -2.1269e+00],
        [-1.1567e+01, -3.3762e+00, -8.3455e+00, -3.9383e+00, -8.5349e+00,
         -9.7659e+00, -1.7987e+01, -1.0467e+01, -4.6342e+00],
        [-2.4948e-01,  3.4192e+00,  1.6946e+00, -4.8535e-01, -3.2142e+00,
         -3.2503e-01,  4.0680e+00, -1.5950e+00, -8.1945e+00],
        [-1.4487e+01,  1.6084e+00, -3.1474e+00, -2.4214e+00, -2.2025e+00,
         -3.8153e+00, -5.0833e+00, -6.6654e+00, -4.7016e+00],
        [ 1.4497e-01, -9.6506e+00, -2.7863e+00, -3.8666e+00,  5.7403e-02,
         -1.1309e+00, -1.2710e+00, -4.3308e+00,  5.5182e-01],
        [-7.8130e-01, -7.5697e+00, -4.5753e+00, -1.0792e+01, -1.2500e+00,
         -1.5299e+01, -1.7087e+00, -6.6336e+00, -4.0126e+00],
        [-5.1086e-01,  6.2776e+00,  1.7865e-01,  1.0828e+00, -2.1144e+00,
          1.2239e+00,  3.7746e+00, -8.1555e-01, -8.4434e+00],
        [ 7.7507e+00,  1.0488e+01,  4.5644e+00,  3.8403e+00,  1.0467e+01,
          7.3158e+00,  1.4494e+01,  9.9856e+00,  7.8579e+00],
        [-2.2614e+00, -5.0511e+00, -4.8415e+00, -8.9871e+00, -2.5552e+00,
         -4.7346e+00, -3.5830e+00, -6.9103e+00, -3.0221e+00],
        [-7.1095e-01,  1.6742e-01, -1.2907e+00, -9.5015e-02, -1.2378e+01,
         -1.1020e+00,  3.0025e-01, -2.3185e+00, -4.6677e+00],
        [ 3.2757e+00,  3.2159e+00,  4.6314e+00, -1.0776e-01, -3.6087e-01,
          2.4289e-01,  8.5175e+00, -6.9806e-01, -6.7979e+00],
        [-7.9080e+00, -5.6704e+00, -9.8269e+00, -6.8369e+00, -9.0519e+00,
         -1.3352e+01, -2.0506e+01, -1.3041e+01, -6.3204e+00],
        [-5.1155e+00, -6.2431e-03, -3.8822e+00,  6.9766e-01, -7.9128e+00,
         -2.7714e+00, -1.3257e+01, -3.0443e+00, -2.2607e+00],
        [-4.2162e+00, -5.4023e+00, -4.9452e+00, -1.0886e+01, -2.7954e+00,
         -2.0690e+01, -8.9184e+00, -9.5631e+00, -9.6292e+00],
        [-2.7675e+00, -4.1219e+00, -4.0999e+00, -1.3876e+00, -1.1819e+01,
         -3.0919e+00, -1.6071e+00, -2.7602e+00, -5.0162e+00],
        [-1.4480e+01,  5.6481e-01, -5.5849e+00, -2.4129e+00, -5.0986e+00,
         -2.0867e+00, -5.0159e+00, -5.4093e+00, -4.7754e+00],
        [ 7.5681e+00,  1.0087e+01,  5.5966e+00,  6.8538e+00,  1.0874e+01,
          7.6240e+00,  1.4864e+01,  9.8525e+00,  5.5848e+00],
        [-1.1965e+00, -7.8655e-01, -1.6922e+00, -1.1271e+00, -1.4243e+01,
         -1.7440e+00,  6.1959e-02, -4.6065e+00, -6.1975e+00],
        [-1.4167e+01,  8.2867e-01, -4.2837e+00, -3.6627e+00, -1.7242e+00,
         -3.9941e+00, -4.6778e+00, -6.6791e+00, -3.2823e+00],
        [ 6.6130e-01, -8.7184e+00, -1.7617e+00, -3.6330e+00, -6.2299e-01,
         -6.2563e-01,  9.3736e-01, -2.9588e+00, -6.1030e-01],
        [ 4.4178e+00,  5.8819e-01, -1.2224e+00, -1.2031e+01,  2.4339e-01,
         -4.9270e+00,  7.8988e+00, -1.3503e+00, -4.6770e+00],
        [ 1.7538e+00, -7.9408e+00, -1.7993e+00, -2.6027e+00, -1.7252e-01,
         -4.9629e-02,  1.4705e+00, -7.4466e-01,  2.3198e-01],
        [ 1.1106e+00, -5.5450e+00, -5.2217e+00, -1.4062e+01, -2.2477e+00,
         -4.3618e+00,  2.6482e+00, -3.2531e+00, -3.0345e+00],
        [-1.1337e+01, -1.7339e+00, -9.1618e+00,  3.8734e-01, -1.2206e+01,
         -4.5731e+00, -9.7556e+00, -4.3211e+00, -3.2783e+00],
        [ 8.3712e+00,  8.8866e+00,  3.3360e+00,  3.0281e+00,  9.8799e+00,
          1.0670e+01,  1.3589e+01,  5.6391e+00,  6.6572e+00],
        [ 9.8841e-01, -6.6283e+00, -1.0879e+01, -4.3439e+00,  3.0515e+00,
          1.7253e-01,  4.7808e+00, -1.8473e+00,  2.6481e+00],
        [ 9.1321e+00,  7.9914e+00,  2.4854e+00,  7.0066e+00,  1.0755e+01,
          1.1337e+01,  1.5119e+01,  5.4970e+00,  8.2533e+00],
        [ 1.6728e+00, -8.6439e+00, -9.5733e-01, -1.3512e+00, -5.8194e-01,
          2.6250e-01,  9.2908e-01, -2.3464e+00,  2.4697e-01],
        [-5.9748e+00, -1.0574e+01, -1.5194e+01, -9.7395e+00,  6.4606e-01,
         -5.7694e+00, -6.6383e+00, -8.5238e+00,  4.7766e+00],
        [-3.1863e+00, -1.2613e+01, -3.9496e+00, -4.4878e+00, -3.5205e+00,
         -3.2878e+00, -3.8456e+00, -6.6497e+00, -2.3000e+00],
        [ 1.2701e+00, -7.6010e+00, -1.3345e+00, -1.6111e+00,  9.0535e-01,
         -4.4899e-01,  1.8010e-01, -9.9311e-01,  1.4372e+00],
        [ 7.3459e+00,  5.1620e+00,  1.3733e+00,  1.2553e+00,  8.4229e+00,
          5.1273e+00,  1.2115e+01,  5.7696e+00,  3.7036e+00],
        [ 4.8183e-01, -4.1382e-01,  9.7683e-01,  6.7138e-01, -1.1109e+01,
         -2.9171e-01,  7.7719e-01, -2.8080e+00, -4.6202e+00],
        [-5.5218e-01, -6.6095e+00, -1.1186e+01, -5.1468e+00, -6.0076e+00,
         -4.1980e+00, -4.3983e+00, -4.1416e+00,  1.5047e+00],
        [-6.7969e-01, -5.1464e+00, -5.2182e+00, -1.2263e+01, -2.9091e+00,
         -5.8049e+00, -4.4676e-01, -3.7141e+00, -3.9175e+00],
        [-8.3568e+00, -8.4328e+00, -7.3629e+00, -1.3025e+01, -6.4031e+00,
         -1.8776e+01, -1.1350e+01, -1.2937e+01, -1.0664e+01],
        [ 2.9252e+00, -6.9080e+00, -3.0921e+00, -3.4798e+00, -9.3770e-01,
         -4.9514e-01,  4.1439e+00, -3.6347e+00, -1.6768e+00],
        [-4.8435e+00, -7.5114e+00, -1.6983e+01, -5.8453e+00, -3.1673e+00,
         -4.0850e+00, -6.3802e+00, -8.1031e+00, -7.0203e-01],
        [ 2.1574e+00,  2.4865e+00,  2.5376e+00, -9.1981e-01, -7.7900e+00,
         -9.4950e-01,  4.2281e+00, -2.4370e+00, -4.9928e+00],
        [-6.9457e-01,  6.6163e-01, -8.7958e-01,  3.8352e-01, -1.1407e+01,
         -6.9212e-02, -5.3164e-01, -2.6892e+00, -4.4136e+00],
        [-1.0550e+01, -5.9020e+00, -9.3065e+00, -7.4681e+00, -7.3985e+00,
         -1.0819e+01, -1.9111e+01, -8.3808e+00, -4.8332e+00],
        [-8.9532e-01,  4.3104e-01, -2.5361e+00, -9.3813e+00,  1.5872e+00,
         -3.0076e+00,  2.9638e+00, -3.1258e+00, -6.6635e-01],
        [-4.7428e+00, -1.3759e+00, -3.6992e+00, -9.4041e+00, -2.9019e+00,
         -1.8565e+01, -7.0706e+00, -7.0742e+00, -9.0148e+00],
        [-2.7831e+00, -6.8344e+00, -5.2240e+00, -1.0376e+01, -3.4237e+00,
         -1.6356e+01, -4.4488e+00, -8.7787e+00, -8.0729e+00],
        [-6.0528e+00, -3.9821e+00, -5.7221e+00, -1.4486e+00, -4.6846e+00,
         -6.6362e+00, -1.5656e+01, -7.0531e+00, -5.3714e-01],
        [-1.4160e+01,  6.1729e-02, -4.7540e+00, -3.7072e+00, -2.3524e+00,
         -4.5034e+00, -6.0474e+00, -8.6858e+00, -4.2036e+00],
        [-2.0597e-01,  1.7202e+00,  3.0233e-01,  9.9548e-01, -1.2212e+01,
          2.7921e-01,  1.3279e+00, -3.1875e+00, -3.6809e+00],
        [ 2.2482e+00, -8.8475e+00, -1.0730e+00, -4.8292e-02,  2.9597e-01,
          7.1749e-01,  1.6065e+00, -1.7616e+00,  1.6597e+00],
        [ 1.1612e-01,  5.5717e+00, -3.7614e-01, -7.7694e-01, -3.8511e+00,
          6.6728e-01,  4.7922e+00, -4.9508e-01, -7.5472e+00],
        [-2.8735e+00, -8.9145e-01,  1.4454e+00, -2.3466e+00, -1.1300e+00,
         -1.0528e+01, -6.1436e-01, -2.2364e+00, -2.4458e+00],
        [ 1.0209e+01,  9.0438e+00,  6.3535e+00,  4.4352e+00,  7.9844e+00,
          6.4941e+00,  1.4671e+01,  9.3183e+00,  7.7732e+00],
        [-4.9794e+00, -1.7876e+00, -8.5127e+00, -5.7566e+00, -3.4165e+00,
         -6.0046e+00, -1.9526e+00, -1.2426e+01, -6.6320e+00],
        [-8.5708e-01,  6.4868e-01, -1.9962e+00, -6.6431e-01, -3.6105e+00,
         -6.2134e+00, -9.7321e-01, -5.0422e+00, -6.7269e+00],
        [-1.3195e+00, -4.8519e+00, -9.6731e+00, -1.2439e+01,  2.8595e-01,
         -3.3833e+00,  1.8261e+00, -7.0857e+00, -2.9855e+00],
        [ 8.8592e+00,  1.0911e+01,  4.8280e+00,  2.2184e+00,  4.2058e+00,
          8.2471e+00,  1.1125e+01,  5.9272e+00,  3.8099e+00],
        [-1.4964e+00, -5.5299e+00, -1.5734e+00, -5.5988e+00, -1.0847e+01,
         -4.9797e+00, -1.0737e+00, -3.4828e+00, -6.1495e+00],
        [-9.1547e+00, -2.0927e+00, -7.2598e+00, -2.8381e+00, -5.6006e+00,
         -5.3728e+00, -1.3243e+01, -5.0125e+00, -4.2587e+00],
        [-1.8289e+00, -6.5485e-01, -2.4741e+00, -6.4898e-01, -1.3059e+01,
         -2.1397e-01, -9.7083e-01, -3.8451e+00, -4.7736e+00],
        [ 1.5949e+00, -1.7099e+00, -2.6980e+00, -1.3283e+01, -1.1707e+00,
         -3.0585e+00,  4.7273e+00, -4.4202e+00, -3.3995e+00],
        [-1.6457e+01, -1.7531e+00, -5.0073e+00, -3.2708e+00, -2.3235e-02,
         -6.4487e+00, -5.2015e+00, -3.4758e+00, -5.1972e+00],
        [ 8.7439e+00,  1.1682e+01,  6.2133e+00,  5.4820e+00,  1.2447e+01,
          9.4714e+00,  1.5706e+01,  1.0762e+01,  9.4073e+00],
        [-1.8951e+01, -3.5885e+00, -6.4851e+00, -4.0925e+00, -2.5684e+00,
         -5.2501e+00, -7.2252e+00, -7.0018e+00, -5.2196e+00],
        [-2.5177e+00, -1.4524e+00, -8.8201e+00, -5.1276e+00,  5.3045e+00,
         -4.5197e-01,  2.4215e+00, -1.2492e+00,  3.3594e+00],
        [ 4.7083e+00,  3.8902e+00,  2.6939e+00,  1.7575e+00,  3.4885e+00,
          4.6697e+00,  9.1157e+00, -1.3165e+00, -1.4640e+00],
        [-6.9932e-01, -1.0563e+01, -2.2159e+00, -2.4051e+00, -3.2127e+00,
         -1.9119e+00, -1.6480e+00, -4.5192e+00, -1.6867e+00],
        [ 1.1132e+01,  9.5249e+00,  6.8618e+00,  3.4152e+00,  7.1723e+00,
          9.6436e+00,  1.1909e+01,  4.9907e+00,  7.3723e+00],
        [-1.1817e+00, -8.0228e+00, -7.5266e+00, -1.7426e+01, -4.2170e+00,
         -1.0892e+01,  2.1858e-01, -8.4841e+00, -6.0858e+00],
        [ 4.3610e-01, -2.8622e+00, -8.6683e+00,  7.0149e-03,  4.3200e+00,
          1.9515e+00,  3.5858e+00,  6.8959e-01,  5.1227e-01],
        [ 1.2720e+00, -2.0852e+00,  2.1497e+00, -1.6488e+00, -2.7645e+00,
          3.3428e-01,  4.2240e+00, -3.3972e+00, -5.2603e+00],
        [ 6.9601e+00,  8.8208e+00,  2.0401e+00,  3.7988e+00,  8.5870e+00,
          8.2580e+00,  1.2152e+01,  2.0433e+00,  4.6928e+00],
        [ 6.0564e+00,  6.9621e+00,  7.8189e+00,  7.1781e+00,  3.7761e+00,
          5.2520e+00,  1.1150e+01,  7.2972e+00,  3.2615e+00],
        [-5.5877e+00, -4.5383e+00, -6.7823e+00, -2.6135e+00, -5.4152e+00,
         -9.3943e+00, -1.7514e+01, -7.6978e+00, -4.1409e+00],
        [ 4.1404e-01, -4.6907e+00, -1.4905e+01, -4.3235e+00,  1.0862e+00,
          1.1208e+00,  1.2663e+00, -1.9699e+00,  4.4104e+00],
        [ 7.4623e+00,  9.6883e+00,  6.5476e+00,  8.8997e+00,  7.2022e+00,
          6.9661e+00,  1.3558e+01,  9.6906e+00,  4.0474e+00],
        [-5.4517e+00, -6.7890e+00, -6.7303e+00, -7.1167e+00, -7.1794e+00,
         -1.1388e+01, -9.1482e+00, -1.6454e+01, -5.5630e+00],
        [ 6.8960e-01,  1.2068e+00,  1.0251e+00,  8.1361e-02, -1.1292e+01,
         -3.3560e-01,  7.2692e-01, -3.1193e+00, -3.4568e+00],
        [ 8.7920e+00,  7.2461e+00,  3.6283e+00,  5.0320e+00,  8.5004e+00,
          9.4465e+00,  1.3055e+01,  3.2292e+00,  6.3104e+00],
        [ 2.2654e+00, -5.2278e+00, -3.1823e+00, -1.0406e+01, -3.4079e+00,
         -2.5159e+00,  4.2098e+00, -5.1694e-01, -2.4313e+00],
        [-5.6420e+00, -2.2625e+00, -6.1680e+00, -1.3969e+00, -7.2017e+00,
         -5.4421e+00, -1.5908e+01, -6.5958e+00, -2.5161e+00],
        [-3.0162e+00, -1.1138e+01, -4.2278e+00, -3.1387e+00, -2.5710e+00,
         -2.6616e+00, -3.6601e+00, -4.9160e+00,  1.0702e-01],
        [-2.4697e+00, -4.6950e+00, -6.3594e+00, -1.7013e+01, -2.4293e+00,
         -1.0491e+01,  1.0591e+00, -8.7280e+00, -7.4544e+00],
        [-5.7182e+00, -5.7306e+00, -8.0205e+00, -5.8788e+00, -8.0131e+00,
         -1.0725e+01, -1.9547e+01, -8.2471e+00, -4.6819e+00],
        [ 8.8422e-02, -2.5097e+00,  2.0652e+00, -2.7286e+00, -7.3515e+00,
         -1.8982e+00,  2.7307e+00, -3.0876e+00, -5.9970e+00],
        [-2.4125e+00, -5.0508e+00, -5.2912e+00, -1.4040e+01, -4.4728e+00,
         -8.2814e+00,  3.6356e+00, -6.9634e+00, -9.7671e+00],
        [-2.1621e+00, -1.0866e+01, -6.9950e+00, -3.9956e+00, -3.9596e+00,
         -1.4684e+00, -4.0291e+00, -7.7858e+00, -1.5474e+00],
        [-4.2005e+00, -6.4001e-02, -2.8359e+00, -8.1503e-01, -1.1088e+01,
         -2.0637e+00, -4.3267e+00, -5.9342e+00, -7.2132e+00],
        [ 2.9434e+00, -6.5157e+00, -2.2146e+00, -2.6984e+00,  6.7917e-01,
         -1.8996e+00,  4.5557e+00, -1.5249e+00, -1.4788e+00],
        [ 9.0711e+00,  8.7186e+00,  4.9967e+00,  3.7614e+00,  4.8271e+00,
          9.0075e+00,  1.0667e+01,  2.3163e+00,  6.3328e+00],
        [-1.2079e+01, -1.0216e+01, -1.1441e+01, -5.5339e+00, -6.4652e+00,
         -1.5364e+01, -2.0006e+01, -1.1369e+01, -6.5454e+00],
        [ 1.0205e+00,  5.3299e+00,  1.2349e+00, -1.4768e-01, -1.6195e+00,
         -3.2870e-01,  4.7526e+00, -1.6528e+00, -8.7909e+00]],
       dtype=torch.float64)
Upper bounds: tensor([[ 1.6509e+01,  1.6016e+01,  1.1832e+01,  1.3223e+01,  1.7513e+01,
          1.6790e+01,  2.2870e+01,  1.5998e+01,  1.4649e+01],
        [-7.9994e-01, -5.7317e+00, -1.2349e+01, -3.9917e+00,  2.6321e+00,
          1.4517e-01, -3.0104e+00, -2.0399e+00,  9.3525e+00],
        [ 8.3936e+00, -2.0856e+00,  5.3250e+00,  5.7295e+00,  5.3990e+00,
          6.3374e+00,  7.2403e+00,  5.5989e+00,  6.9399e+00],
        [-5.4029e+00,  9.4652e+00,  3.6013e+00,  2.9851e+00,  2.9522e+00,
          2.9578e+00,  2.1084e+00,  5.6546e+00,  3.7068e+00],
        [ 2.7945e+00,  6.6369e+00,  4.3576e+00,  4.8206e+00, -5.9793e+00,
          4.6855e+00,  5.4941e+00,  3.9041e+00,  9.0431e-01],
        [ 8.3295e+00, -2.3387e+00,  6.0085e+00,  6.2967e+00,  5.1832e+00,
          7.7493e+00,  8.0757e+00,  5.4263e+00,  6.5385e+00],
        [ 9.0029e+00,  4.5956e+00,  6.5427e+00,  6.9338e+00, -2.6490e+00,
          6.7396e+00,  1.1291e+01,  2.5738e+00,  4.0267e+00],
        [ 5.9131e+00,  3.6571e+00,  2.5423e+00,  2.0755e+00, -3.7759e-01,
          2.0787e+00,  7.8393e+00,  3.9117e+00, -2.9099e+00],
        [ 4.9643e-01,  3.1603e+00,  6.1005e-01,  9.6874e-01,  1.3341e+00,
         -9.0647e+00, -7.1123e+00, -3.6242e+00, -3.0692e+00],
        [ 6.8901e+00,  1.0479e+01,  8.8277e+00,  4.8094e+00,  3.4383e+00,
          6.6914e+00,  1.2801e+01,  4.1730e+00, -2.2285e+00],
        [-1.0313e+01,  5.6832e+00,  1.1291e+00,  2.3822e+00,  7.3391e+00,
          2.4896e+00,  5.3343e-01,  1.2800e+00,  3.6357e+00],
        [-3.2047e+00,  4.3934e+00, -2.5260e-01,  2.0111e+00, -1.8998e+00,
         -2.3863e+00, -8.6762e+00, -3.3527e+00,  3.9949e+00],
        [ 6.8136e+00,  8.9093e+00,  8.0813e+00,  5.0919e+00,  2.8203e+00,
          5.7250e+00,  1.1045e+01,  4.6935e+00, -3.2792e+00],
        [-7.4719e+00,  9.2662e+00,  2.3302e+00,  3.2098e+00,  3.8621e+00,
          2.2708e+00,  1.4844e+00,  3.2312e-01,  1.2784e+00],
        [ 3.5888e+00, -7.0131e+00,  4.5316e-01, -7.3194e-01,  2.3533e+00,
          2.2596e+00,  2.8227e+00, -3.1663e-01,  3.2744e+00],
        [ 4.8842e+00,  4.4018e-01,  1.4282e+00, -3.8410e+00,  3.3000e+00,
         -8.7157e+00,  3.5887e+00, -1.2878e-01,  1.0606e+00],
        [ 5.5496e+00,  1.2078e+01,  6.0896e+00,  6.1538e+00,  2.9582e+00,
          6.9939e+00,  1.0546e+01,  6.2118e+00, -2.7947e+00],
        [ 1.6101e+01,  1.7101e+01,  1.2302e+01,  1.2381e+01,  1.7155e+01,
          1.5534e+01,  2.2126e+01,  1.8947e+01,  1.4938e+01],
        [ 3.8741e+00,  2.9708e+00,  2.8155e+00, -1.5153e+00,  3.0427e+00,
          3.3689e+00,  4.2073e+00,  6.4344e-01,  6.4427e+00],
        [ 6.5696e+00,  5.6105e+00,  6.2290e+00,  5.6029e+00, -7.3378e+00,
          5.3090e+00,  7.3999e+00,  4.4532e+00,  8.6843e-01],
        [ 1.0867e+01,  1.0238e+01,  1.1943e+01,  7.6346e+00,  5.4140e+00,
          8.5194e+00,  1.6103e+01,  8.9993e+00, -1.0595e+00],
        [-9.8798e-01,  1.4862e+00, -1.4595e+00,  1.7171e+00, -3.6065e+00,
         -5.6348e+00, -1.2697e+01, -5.5932e+00,  2.0418e+00],
        [ 1.4985e+00,  5.8816e+00,  4.2504e+00,  6.2551e+00, -1.9836e+00,
          3.2984e+00, -5.0855e+00,  3.7679e+00,  4.9105e+00],
        [ 1.5936e+00,  6.3080e-01,  1.0068e+00, -5.7925e+00,  1.3731e+00,
         -1.5842e+01, -3.2210e+00, -4.4034e+00, -5.3942e+00],
        [ 1.0173e+01,  7.8197e+00,  8.3029e+00,  1.0280e+01, -2.6208e-01,
          1.0505e+01,  1.2902e+01,  1.1102e+01,  7.7784e+00],
        [-9.0992e+00,  7.0025e+00, -6.9009e-01,  1.6714e+00, -6.8418e-01,
          2.3737e+00, -7.5949e-02,  2.4376e-01, -2.0438e-01],
        [ 1.1721e+01,  1.3903e+01,  9.9810e+00,  1.0503e+01,  1.4427e+01,
          1.1875e+01,  1.8941e+01,  1.4577e+01,  9.8083e+00],
        [ 4.9878e+00,  4.1839e+00,  4.5615e+00,  3.6760e+00, -8.9022e+00,
          2.7005e+00,  5.7983e+00,  1.2520e+00, -6.0064e-01],
        [-7.3933e+00,  8.0614e+00,  3.8022e+00,  3.2810e+00,  5.1288e+00,
          2.9352e+00,  2.0950e+00,  2.3855e+00,  3.8485e+00],
        [ 5.1610e+00, -4.7598e+00,  2.3088e+00,  3.9227e-01,  3.1845e+00,
          4.3237e+00,  6.1423e+00,  1.9491e+00,  3.6913e+00],
        [ 1.0596e+01,  7.9047e+00,  6.3996e+00, -5.8622e+00,  4.1716e+00,
          1.6610e+00,  1.3734e+01,  5.5778e+00,  1.4080e+00],
        [ 5.8204e+00, -3.6163e+00,  2.2561e+00,  1.4760e+00,  3.2293e+00,
          4.4844e+00,  6.2313e+00,  4.1536e+00,  3.9923e+00],
        [ 7.6663e+00,  1.2030e+00,  1.8121e+00, -8.8054e+00,  2.7579e+00,
          1.8958e+00,  9.0702e+00,  3.4405e+00,  2.8741e+00],
        [-6.2862e+00,  4.3042e+00, -4.2341e+00,  4.1191e+00, -6.4389e+00,
          5.9607e-02, -3.7699e+00,  2.5918e+00,  3.0013e+00],
        [ 1.7088e+01,  1.5291e+01,  1.0873e+01,  1.1596e+01,  1.6467e+01,
          1.8285e+01,  2.0779e+01,  1.4095e+01,  1.3482e+01],
        [ 5.3703e+00, -5.2639e-01, -6.0319e+00,  6.8786e-01,  9.4933e+00,
          5.7460e+00,  9.3073e+00,  3.5000e+00,  8.1353e+00],
        [ 1.5871e+01,  1.4534e+01,  8.2626e+00,  1.3331e+01,  1.6129e+01,
          1.8422e+01,  2.2097e+01,  1.4947e+01,  1.4771e+01],
        [ 5.4117e+00, -5.6281e+00,  2.1305e+00,  1.9986e+00,  2.9129e+00,
          4.1457e+00,  5.3199e+00,  1.7801e+00,  4.0903e+00],
        [ 2.5694e+00, -1.2889e+00, -6.7528e+00, -1.4429e+00,  6.6595e+00,
          3.1308e+00,  1.5456e+00,  8.1098e-01,  1.2976e+01],
        [ 3.7714e+00, -4.7483e+00,  1.8241e+00,  1.7996e+00,  2.0124e+00,
          3.9713e+00,  2.7869e+00,  2.7523e-01,  3.4745e+00],
        [ 5.3250e+00, -4.4318e+00,  2.3379e+00,  2.0055e+00,  3.8038e+00,
          3.8727e+00,  5.0848e+00,  3.1254e+00,  4.5223e+00],
        [ 1.6111e+01,  1.3466e+01,  8.8378e+00,  1.0614e+01,  1.5329e+01,
          1.4645e+01,  2.0757e+01,  1.6348e+01,  1.2250e+01],
        [ 7.7145e+00,  6.4454e+00,  8.5000e+00,  6.7525e+00, -4.6889e+00,
          7.1805e+00,  9.0145e+00,  4.7971e+00,  2.1279e+00],
        [ 6.6372e+00,  2.2265e+00, -4.0552e+00,  2.2035e+00,  3.3080e+00,
          3.3876e+00,  4.0782e+00,  5.3883e+00,  1.0156e+01],
        [ 7.3147e+00,  3.0301e+00,  2.7971e+00, -4.7238e+00,  3.1955e+00,
          2.7870e+00,  8.5793e+00,  4.2772e+00,  3.3633e+00],
        [ 2.7593e+00,  3.0616e+00,  3.1014e+00, -3.0892e+00,  4.2229e+00,
         -8.8437e+00, -1.2471e-01, -1.9885e+00, -6.6879e-01],
        [ 7.5844e+00, -2.4307e+00,  1.3494e+00,  9.5027e-01,  2.5060e+00,
          4.8270e+00,  8.7313e+00,  2.3479e+00,  2.3625e+00],
        [ 3.6348e+00,  2.3660e+00, -7.4615e+00,  2.4253e+00,  4.7780e+00,
          5.8458e+00,  3.7658e+00,  4.1330e+00,  7.6029e+00],
        [ 6.5945e+00,  6.4147e+00,  7.0678e+00,  3.0016e+00, -4.2412e+00,
          3.3528e+00,  8.8740e+00,  2.4883e+00, -1.3569e+00],
        [ 4.8684e+00,  5.3194e+00,  4.2399e+00,  4.3322e+00, -6.7950e+00,
          4.5384e+00,  5.7577e+00,  3.4928e+00, -5.6919e-03],
        [-2.0881e+00,  1.8173e+00, -1.3323e+00, -3.4905e-01, -3.5541e-01,
         -3.3130e+00, -1.1222e+01, -1.5103e+00,  2.0742e+00],
        [ 5.1386e+00,  6.5959e+00,  2.4311e+00, -4.7595e+00,  4.5499e+00,
          2.4980e+00,  8.8665e+00,  1.9178e+00,  4.6698e+00],
        [ 4.1308e+00,  5.7262e+00,  5.2685e+00, -3.6319e+00,  2.2921e+00,
         -1.1771e+01,  2.2898e+00,  1.8887e-01, -3.8294e+00],
        [ 5.1374e+00,  4.0403e+00,  3.3782e+00, -1.1181e+00,  2.0794e+00,
         -7.5367e+00,  3.8314e+00, -3.4573e-01,  1.6273e-01],
        [-1.7035e+00,  1.5838e-01, -1.4411e+00,  1.9178e+00, -1.2104e+00,
         -2.2809e+00, -1.1515e+01, -3.0095e+00,  3.4952e+00],
        [-9.9173e+00,  4.3474e+00, -1.5511e-01,  3.7216e-01,  2.0054e+00,
         -8.2277e-01, -2.5061e+00, -4.3388e+00, -2.6575e-01],
        [ 6.1519e+00,  7.1669e+00,  6.2881e+00,  6.0512e+00, -6.5427e+00,
          5.4355e+00,  7.6114e+00,  2.9580e+00,  2.0982e+00],
        [ 7.6305e+00, -3.6375e+00,  4.8651e+00,  5.3509e+00,  4.7226e+00,
          6.6781e+00,  7.1335e+00,  4.7553e+00,  6.2975e+00],
        [ 7.0891e+00,  1.1105e+01,  7.4154e+00,  4.5433e+00,  2.8908e+00,
          5.5721e+00,  1.1471e+01,  5.3164e+00, -2.9536e+00],
        [ 1.1640e+01,  1.1368e+01,  1.3287e+01,  9.0063e+00,  1.0330e+01,
          1.6812e+00,  1.2227e+01,  1.2277e+01,  1.0094e+01],
        [ 1.4782e+01,  1.3555e+01,  1.0595e+01,  8.7534e+00,  1.2012e+01,
          1.1522e+01,  1.9140e+01,  1.4128e+01,  1.1801e+01],
        [ 1.9884e+00,  5.4811e+00, -9.2736e-01,  7.8590e-01,  3.9556e+00,
          1.4329e+00,  5.2425e+00, -5.7301e+00,  1.3210e+00],
        [ 7.2126e+00,  7.9332e+00,  6.2276e+00,  6.2000e+00,  3.7136e+00,
          2.4753e+00,  7.5350e+00,  2.2816e+00,  3.0258e-02],
        [ 4.4551e+00,  1.6982e+00, -3.0703e+00, -6.2623e+00,  5.6646e+00,
          3.0434e+00,  8.0094e+00, -9.9672e-02,  2.0061e+00],
        [ 1.6492e+01,  1.7081e+01,  1.2487e+01,  8.7113e+00,  1.1084e+01,
          1.4598e+01,  1.9145e+01,  1.3819e+01,  1.0974e+01],
        [ 6.8676e+00,  2.4825e+00,  6.0040e+00,  2.6738e+00, -2.8921e+00,
          4.3598e+00,  7.9417e+00,  5.0035e+00,  7.2757e-01],
        [ 2.8356e-01,  7.6285e+00,  3.8301e+00,  5.3463e+00,  3.1496e+00,
          4.4887e+00, -2.7216e+00,  5.4646e+00,  6.5260e+00],
        [ 5.6636e+00,  5.6121e+00,  4.6002e+00,  5.6372e+00, -5.2582e+00,
          6.4653e+00,  6.2274e+00,  5.0179e+00,  1.3838e+00],
        [ 7.1332e+00,  3.1788e+00,  2.9725e+00, -8.2749e+00,  2.3310e+00,
          3.2310e+00,  1.0592e+01,  2.2812e+00,  1.5202e+00],
        [-8.0714e+00,  7.5539e+00,  2.2547e+00,  2.9759e+00,  7.0938e+00,
          6.1032e-01,  1.6821e+00,  4.4186e+00,  2.5625e+00],
        [ 1.5762e+01,  1.7514e+01,  1.1857e+01,  1.2356e+01,  1.8010e+01,
          1.5760e+01,  2.1932e+01,  1.7757e+01,  1.4989e+01],
        [-1.0867e+01,  5.5490e+00,  8.6632e-01,  2.3848e+00,  2.9610e+00,
          2.1548e+00, -3.7791e-01,  2.7375e-01,  1.8806e+00],
        [ 3.7173e+00,  4.9188e+00, -4.3385e+00, -4.0959e-01,  1.0972e+01,
          4.6421e+00,  7.4893e+00,  4.7242e+00,  8.5143e+00],
        [ 1.1576e+01,  9.5951e+00,  8.7757e+00,  8.2519e+00,  9.0278e+00,
          1.1762e+01,  1.5247e+01,  5.4055e+00,  4.7310e+00],
        [ 4.0145e+00, -6.6027e+00,  1.7932e+00,  1.7624e+00,  1.1380e+00,
          3.0530e+00,  3.7463e+00,  7.8517e-01,  3.2858e+00],
        [ 1.8153e+01,  1.5151e+01,  1.2979e+01,  9.8469e+00,  1.3653e+01,
          1.6881e+01,  1.9606e+01,  1.3727e+01,  1.3923e+01],
        [ 5.4080e+00, -5.1772e-01, -5.3453e-01, -1.1465e+01,  1.0931e+00,
         -4.2898e+00,  6.0867e+00, -1.8902e+00, -6.9574e-01],
        [ 6.8559e+00,  4.5480e+00, -2.2206e+00,  6.8621e+00,  1.0745e+01,
          9.6748e+00,  1.2241e+01,  9.2613e+00,  8.7321e+00],
        [ 8.6374e+00,  4.8959e+00,  9.1027e+00,  5.1566e+00,  3.1458e+00,
          7.8606e+00,  1.2097e+01,  5.3136e+00,  3.0576e-01],
        [ 1.4383e+01,  1.5800e+01,  1.0862e+01,  1.1830e+01,  1.5367e+01,
          1.6726e+01,  1.9027e+01,  1.1499e+01,  1.3419e+01],
        [ 1.1865e+01,  1.2774e+01,  1.3748e+01,  1.2297e+01,  8.8175e+00,
          1.1982e+01,  1.7081e+01,  1.3711e+01,  8.1956e+00],
        [-2.0689e+00,  2.3668e-01, -3.1203e+00,  1.2825e+00, -2.8730e+00,
         -5.2173e+00, -1.3242e+01, -3.5459e+00, -4.0289e-01],
        [ 6.3824e+00,  2.8160e+00, -7.5876e+00,  3.0974e+00,  8.1528e+00,
          8.9203e+00,  8.5345e+00,  7.5578e+00,  1.1560e+01],
        [ 1.2157e+01,  1.4097e+01,  1.2739e+01,  1.3167e+01,  1.2043e+01,
          1.2297e+01,  1.8865e+01,  1.5086e+01,  9.4799e+00],
        [ 2.9365e+00,  2.1000e+00,  2.2563e+00,  1.2174e+00,  6.6995e-01,
         -4.8533e-02,  1.0924e+00, -8.5802e+00,  3.2290e+00],
        [ 5.5662e+00,  5.5360e+00,  6.5133e+00,  4.4075e+00, -6.5845e+00,
          4.3018e+00,  5.6663e+00,  2.8119e+00,  1.0790e+00],
        [ 1.6625e+01,  1.3777e+01,  1.2029e+01,  1.3087e+01,  1.5320e+01,
          1.8424e+01,  2.1428e+01,  1.2802e+01,  1.4385e+01],
        [ 8.2814e+00,  1.3157e+00,  3.3824e+00, -4.1983e+00,  1.1859e+00,
          4.9570e+00,  1.0268e+01,  7.2679e+00,  2.7491e+00],
        [-5.5747e-01,  3.5738e+00, -2.1870e-01,  3.7013e+00, -2.1180e+00,
         -1.3634e-01, -1.0147e+01, -1.2577e+00,  3.3297e+00],
        [ 6.0018e+00, -2.5791e+00,  4.1587e+00,  4.5682e+00,  3.6457e+00,
          6.4526e+00,  5.4192e+00,  4.6079e+00,  6.5929e+00],
        [ 3.6583e+00,  1.5597e+00, -5.8582e-01, -1.1814e+01,  2.8298e+00,
         -3.3378e+00,  6.8582e+00, -2.5512e+00, -1.9325e+00],
        [-6.5000e-01,  4.4910e-01, -1.5873e+00, -2.4328e-01, -3.1605e+00,
         -5.3142e+00, -1.3087e+01, -3.2820e+00,  6.7503e-01],
        [ 9.6715e+00,  6.5966e+00,  9.1441e+00,  5.7460e+00,  3.6580e+00,
          7.7928e+00,  1.1764e+01,  6.2186e+00,  1.7965e+00],
        [ 5.8737e+00,  3.2836e+00,  3.4780e+00, -7.1172e+00,  1.4887e+00,
          2.2588e-01,  1.1519e+01,  1.2691e+00, -2.4034e+00],
        [ 2.9843e+00, -6.2011e+00, -1.4740e+00,  7.3670e-01,  9.8797e-02,
          3.8702e+00,  1.6767e+00, -1.9483e+00,  4.0449e+00],
        [ 3.2987e+00,  6.3724e+00,  4.8378e+00,  5.4273e+00, -3.5354e+00,
          5.2721e+00,  3.0453e+00,  6.7657e-01,  1.7539e-01],
        [ 7.4762e+00, -1.2791e+00,  2.5793e+00,  1.8692e+00,  4.8097e+00,
          4.1336e+00,  9.0505e+00,  3.7304e+00,  2.6772e+00],
        [ 1.5054e+01,  1.3335e+01,  1.0727e+01,  8.9692e+00,  7.9028e+00,
          1.6469e+01,  1.7467e+01,  9.1116e+00,  1.1301e+01],
        [-6.2432e+00, -3.8776e+00, -5.6292e+00, -8.8274e-01, -1.5265e+00,
         -1.0504e+01, -1.4021e+01, -5.5391e+00, -1.4129e+00],
        [ 5.8912e+00,  9.6386e+00,  5.5037e+00,  4.2396e+00,  1.2687e+00,
          5.0315e+00,  1.0218e+01,  2.9328e+00, -5.2828e+00]],
       dtype=torch.float64)
Total time: 154.89 seconds
Matmul timing (vs block sparse):
  block sparse (SparseTensor.matmul): 0.25040 s (16 calls) [baseline]
  CSR multiply: 1.02015 s (1600 calls) — 4.1x slower than block sparse
  COO multiply: 1.23720 s (1600 calls) — 4.9x slower than block sparse
  BSR multiply (8x8, via COO): 48.40457 s (1600 calls) — 193.3x slower than block sparse
  BSR multiply (derived, via COO): 38.53454 s (1600 calls) — 153.9x slower than block sparse
CONSTRAINTFLOW_TIMING_JSON={"wall_time_s": 154.89339496799948, "block_sparse": {"seconds": 0.25039635099346924, "calls": 16}, "csr": {"encode": {"seconds": 12.760883040004046, "calls": 1600}, "mul": {"seconds": 1.0201503669832164, "calls": 1600}}, "coo": {"encode": {"seconds": 11.74331940396587, "calls": 1600}, "mul": {"seconds": 1.2371995920148038, "calls": 1600}}, "bsr_fixed": {"encode": {"seconds": 14.568496674004564, "calls": 1600}, "mul": {"seconds": 48.40457489803157, "calls": 1600}}, "bsr_dynamic": {"encode": {"seconds": 15.428159276039878, "calls": 1600}, "mul": {"seconds": 38.534536637929705, "calls": 1600}}, "verify": {"seconds": 8.256457458001023, "calls": 16}, "inner_prod_total": {"seconds": 154.75374993800324, "calls": 16}}

--- stderr ---
/home/aval/constraintflow-gpu/constraintflow/gbcsr/sparse_tensor.py:540: UserWarning: Sparse CSR tensor support is in beta state. If you miss a functionality in the sparse tensor support, please submit a feature request to https://github.com/pytorch/pytorch/issues. (Triggered internally at /pytorch/aten/src/ATen/SparseCsrTensorImpl.cpp:53.)
  return coo.to_sparse_csr()
