dummy_mode in cli: flag: False
reuse_mode in cli: flag: False
Compilation successful ✅
Network loaded
Lower bounds: tensor([[-1475.8528, -1568.3628, -1626.4539, -1740.0574, -1583.6566, -1803.7998,
         -1580.2725, -1688.8027, -1811.8590],
        [-1781.0188, -1897.9250, -1986.8594, -2059.3650, -1851.6273, -2154.8682,
         -1953.7361, -2004.1604, -2081.1165],
        [-1433.1848, -1583.1195, -1596.8757, -1681.2966, -1564.6876, -1775.7361,
         -1596.1953, -1658.2267, -1741.7502],
        [-1731.5782, -1773.6938, -1847.4097, -1940.3821, -1775.2662, -2043.1771,
         -1859.3320, -1881.9596, -2010.4275],
        [-1553.0702, -1624.9561, -1704.1663, -1765.5420, -1712.8260, -1882.1283,
         -1710.6699, -1772.6906, -1903.3945],
        [-1393.6198, -1557.4561, -1550.7300, -1638.4622, -1533.0841, -1713.1232,
         -1540.8099, -1612.7228, -1694.3523],
        [-1434.3474, -1574.5170, -1604.2239, -1698.6021, -1640.5746, -1823.0223,
         -1616.2307, -1711.3267, -1808.3621],
        [-1571.9231, -1675.1705, -1743.4971, -1852.2704, -1720.6444, -1947.1798,
         -1721.0842, -1816.3374, -1957.6389],
        [-1772.5668, -1873.8293, -1945.2104, -2032.5269, -1920.3744, -2223.2551,
         -2003.4479, -2039.1149, -2161.2991],
        [-1659.8914, -1759.7599, -1816.0948, -1945.0081, -1835.8712, -2038.9519,
         -1812.7927, -1920.2242, -2074.5469],
        [-1757.3086, -1772.1699, -1878.1810, -1956.6060, -1791.6104, -2083.6223,
         -1879.5388, -1920.5688, -2062.5447],
        [-1707.1877, -1769.8713, -1848.6035, -1931.6685, -1806.5206, -2054.7329,
         -1902.5596, -1921.8490, -2008.7957],
        [-1627.7988, -1736.3311, -1784.2328, -1909.4438, -1791.9642, -2016.6147,
         -1782.8121, -1877.0303, -2039.9498],
        [-1689.3403, -1682.9189, -1785.8413, -1860.6946, -1715.9601, -1982.9985,
         -1804.3560, -1852.1449, -1972.8872],
        [-1282.4214, -1473.3232, -1438.2112, -1545.4867, -1424.0626, -1611.5389,
         -1433.9668, -1502.8805, -1581.8240],
        [-1610.1381, -1724.8785, -1783.4962, -1915.8320, -1737.4722, -2053.7581,
         -1782.9004, -1879.3992, -1984.6648],
        [-1646.4250, -1698.9124, -1793.1499, -1882.9287, -1780.1805, -1986.8630,
         -1786.3389, -1882.0592, -2033.8232],
        [-1587.3523, -1660.0999, -1733.8248, -1861.1793, -1679.4192, -1915.9767,
         -1688.1155, -1784.4327, -1927.1865],
        [-1693.8083, -1806.4227, -1873.1528, -2004.9081, -1817.7653, -2108.0925,
         -1868.0212, -1948.0129, -2049.7505],
        [-1504.9861, -1630.5360, -1664.9126, -1756.7312, -1702.7943, -1868.8845,
         -1684.1997, -1737.6139, -1872.2046],
        [-1659.4609, -1785.0347, -1801.0664, -1947.5162, -1817.9828, -2039.7908,
         -1788.2554, -1892.6888, -2056.0825],
        [-1588.5864, -1647.3862, -1717.2845, -1813.7638, -1705.1786, -1956.3314,
         -1794.6440, -1803.3346, -1906.6807],
        [-1478.9219, -1539.1631, -1601.0428, -1683.9175, -1586.7552, -1787.9617,
         -1665.4021, -1674.2413, -1755.5144],
        [-1659.4994, -1767.8113, -1816.3141, -1961.5376, -1775.9183, -2135.9214,
         -1854.9990, -1913.3807, -2040.9973],
        [-1512.2504, -1619.6749, -1667.6606, -1747.9364, -1688.7952, -1874.8762,
         -1679.2400, -1738.6034, -1874.4797],
        [-1923.1406, -1911.6189, -2036.7585, -2081.2065, -1988.7084, -2229.2896,
         -2071.5498, -2085.9365, -2226.4561],
        [-1452.2712, -1517.5282, -1587.3171, -1684.4937, -1550.0524, -1767.9969,
         -1549.9253, -1643.4330, -1781.4412],
        [-1582.5911, -1677.0096, -1747.5002, -1830.9056, -1782.5704, -1965.5095,
         -1769.1934, -1829.5023, -1966.9875],
        [-1751.4425, -1741.3311, -1855.7439, -1942.1545, -1738.2423, -2042.0908,
         -1837.2466, -1889.2095, -2014.9496],
        [-1326.4910, -1494.3417, -1491.1466, -1590.9944, -1483.1615, -1680.2366,
         -1493.9517, -1557.4163, -1639.6476],
        [-1492.8693, -1617.0203, -1647.9562, -1843.3008, -1609.5057, -1897.4939,
         -1620.1311, -1732.1886, -1852.3718],
        [-1315.5227, -1472.4989, -1471.5632, -1566.3535, -1456.2902, -1654.8474,
         -1471.4772, -1531.6149, -1628.9077],
        [-1510.5962, -1631.8794, -1670.9067, -1852.1731, -1647.4408, -1930.6099,
         -1658.4949, -1758.6202, -1866.9729],
        [-1688.5696, -1734.6301, -1825.9011, -1869.4381, -1827.5874, -2019.9373,
         -1864.8359, -1869.8610, -1987.2677],
        [-1488.6072, -1619.9308, -1659.8395, -1766.6082, -1609.5236, -1816.9116,
         -1612.9696, -1724.6427, -1839.8125],
        [-1646.3121, -1773.7159, -1864.4053, -1926.7554, -1760.1934, -2028.7072,
         -1812.7844, -1903.0087, -1999.9081],
        [-1504.3616, -1607.3606, -1666.5553, -1763.5905, -1601.0612, -1835.0745,
         -1624.4761, -1727.9141, -1845.1780],
        [-1328.7362, -1500.8550, -1490.2373, -1581.6677, -1480.2924, -1668.9938,
         -1493.3804, -1554.4004, -1639.6803],
        [-1723.2593, -1831.8142, -1914.3268, -2017.7961, -1794.0237, -2113.7659,
         -1882.9005, -1962.0294, -2055.5601],
        [-1537.3147, -1711.4315, -1695.5630, -1809.9919, -1682.5734, -1892.4961,
         -1705.4008, -1762.2845, -1862.6938],
        [-1347.5188, -1490.1604, -1502.4792, -1590.6996, -1469.0858, -1676.7161,
         -1505.6921, -1561.1470, -1648.6656],
        [-1452.8069, -1570.4479, -1616.7131, -1722.7268, -1563.3270, -1784.4590,
         -1574.8474, -1660.4050, -1784.8682],
        [-1508.7373, -1669.6989, -1672.4402, -1786.6907, -1736.4086, -1880.0349,
         -1681.6974, -1775.2413, -1909.4778],
        [-1548.5376, -1666.4016, -1737.1096, -1783.3040, -1681.1024, -1883.6112,
         -1717.4248, -1748.9491, -1838.3677],
        [-1462.2646, -1613.6025, -1640.2952, -1785.9980, -1608.0042, -1869.5099,
         -1631.6039, -1699.5431, -1801.8533],
        [-1590.0868, -1689.0739, -1732.1013, -1869.6094, -1714.6139, -2008.5376,
         -1768.7937, -1829.2443, -1944.8184],
        [-1350.0339, -1541.7411, -1538.5540, -1640.8635, -1519.9484, -1734.6108,
         -1524.6547, -1609.7574, -1700.4304],
        [-1654.2698, -1777.7642, -1860.3795, -1903.8993, -1795.2394, -1997.8949,
         -1837.4968, -1869.6799, -1977.6688],
        [-1711.6315, -1855.2346, -1883.4377, -2026.0073, -1957.5314, -2159.4060,
         -1912.0753, -2022.4802, -2164.8313],
        [-1601.8572, -1676.9216, -1760.0735, -1832.9385, -1781.3781, -1929.0374,
         -1752.6968, -1833.6644, -1979.8508],
        [-1682.4194, -1772.3267, -1823.1458, -1929.9286, -1789.9084, -2065.1182,
         -1890.3640, -1875.8010, -1995.1248],
        [-1663.7754, -1785.9635, -1830.2883, -2007.3716, -1784.7438, -2082.5002,
         -1809.9126, -1908.9757, -2022.7736],
        [-1656.2954, -1758.8722, -1803.0078, -1940.5107, -1787.0197, -2095.5642,
         -1825.4630, -1897.1248, -2030.6788],
        [-1541.4398, -1636.8816, -1693.0669, -1817.2552, -1674.3971, -1954.5641,
         -1714.4617, -1793.9099, -1900.1897],
        [-1785.5516, -1881.2788, -1958.3912, -2031.2358, -1907.0898, -2190.6909,
         -2018.6868, -2037.3718, -2128.9011],
        [-1679.3668, -1696.1829, -1781.1499, -1864.6226, -1721.0050, -1992.5576,
         -1810.1174, -1849.1881, -1946.6904],
        [-1625.2158, -1717.1471, -1793.9512, -1871.6429, -1841.6456, -2023.6777,
         -1813.2168, -1896.9764, -2029.6694],
        [-1394.8503, -1546.8643, -1552.3821, -1637.9922, -1523.7949, -1720.2427,
         -1543.1406, -1613.6520, -1696.6462],
        [-1645.7288, -1717.5785, -1794.9408, -1913.2015, -1804.6405, -2017.0400,
         -1784.7229, -1885.4930, -2058.8728],
        [-1442.0969, -1530.5217, -1570.0757, -1661.1837, -1555.4701, -1793.5466,
         -1574.9814, -1656.8656, -1746.5945],
        [-1255.4528, -1309.0649, -1371.8347, -1493.2971, -1316.3098, -1550.2836,
         -1326.4819, -1416.8184, -1538.6219],
        [-1712.5956, -1797.3542, -1887.6761, -1964.6416, -1815.1444, -2103.0015,
         -1883.6470, -1978.6323, -2076.3301],
        [-1484.3654, -1573.3167, -1632.1438, -1716.1067, -1620.8182, -1860.0081,
         -1662.2489, -1725.5192, -1847.6970],
        [-1633.2688, -1767.5237, -1827.2346, -1960.6661, -1765.8456, -2022.0879,
         -1779.8373, -1905.5327, -2020.7209],
        [-1648.9446, -1794.6893, -1854.4580, -1988.7889, -1830.2671, -2046.6368,
         -1807.7719, -1909.8317, -2041.5704],
        [-1520.3591, -1644.4452, -1675.5363, -1786.1859, -1696.4772, -1905.7590,
         -1690.3807, -1750.4513, -1884.9797],
        [-1597.2793, -1703.8484, -1753.7559, -1847.1531, -1723.5853, -1938.3392,
         -1789.7534, -1807.8192, -1912.6979],
        [-1605.9371, -1716.5721, -1779.8961, -1848.9104, -1796.7791, -1949.6379,
         -1774.0208, -1840.5785, -1971.7578],
        [-1401.3447, -1526.3413, -1542.7953, -1756.7363, -1524.4747, -1794.7780,
         -1513.7859, -1649.6353, -1758.9718],
        [-1702.4888, -1738.7114, -1810.3689, -1889.2229, -1734.1719, -2035.5165,
         -1835.8325, -1848.9324, -1979.7579],
        [-1503.4586, -1575.2393, -1644.6384, -1762.8832, -1595.0469, -1815.7024,
         -1599.1821, -1692.8116, -1832.8535],
        [-1842.9055, -1821.2280, -1932.7324, -1993.8593, -1847.3192, -2128.3032,
         -1955.8783, -1967.4092, -2117.5742],
        [-1663.6591, -1735.9387, -1850.4716, -1938.7397, -1721.9738, -2013.4331,
         -1801.1553, -1871.3000, -1979.6239],
        [-1523.0658, -1663.1409, -1688.3445, -1802.2292, -1673.7585, -1860.5894,
         -1640.0288, -1765.9010, -1910.6237],
        [-1422.9199, -1598.5363, -1584.4637, -1683.5752, -1576.7745, -1782.9501,
         -1598.8274, -1659.1700, -1750.0020],
        [-1315.5354, -1453.3894, -1467.5547, -1577.3806, -1464.7140, -1620.9529,
         -1427.9653, -1527.1600, -1638.0762],
        [-1454.3562, -1577.3452, -1613.1443, -1779.5544, -1585.4042, -1849.4221,
         -1588.3091, -1704.2365, -1806.2415],
        [-1531.5043, -1633.5615, -1709.7571, -1762.7600, -1624.4110, -1851.2896,
         -1672.0171, -1738.5289, -1838.0076],
        [-1661.5439, -1814.9338, -1823.1599, -1962.0770, -1839.6630, -2068.3828,
         -1833.0776, -1936.5519, -2080.8806],
        [-1523.9895, -1632.9358, -1691.0125, -1791.6564, -1644.8721, -1851.7729,
         -1626.6654, -1756.9857, -1874.9751],
        [-1470.2994, -1565.1917, -1603.9648, -1708.9506, -1605.8513, -1827.3862,
         -1588.5764, -1677.0266, -1822.9839],
        [-1691.2424, -1779.2009, -1837.9548, -1915.4960, -1802.7026, -2069.0610,
         -1908.1121, -1903.4836, -2030.5332],
        [-1721.0394, -1838.7683, -1956.8853, -1995.6750, -1840.4352, -2064.7549,
         -1883.6309, -1960.0050, -2064.5593],
        [-1501.0760, -1586.1067, -1640.2251, -1743.7682, -1627.3422, -1841.0778,
         -1609.8257, -1711.3046, -1858.6829],
        [-1689.3220, -1787.0602, -1856.1184, -1969.7350, -1822.9971, -2093.4973,
         -1874.0593, -1975.5582, -2066.3008],
        [-1722.3344, -1855.5134, -1897.9983, -2028.9950, -1959.3871, -2160.4814,
         -1925.4951, -2028.7559, -2159.2683],
        [-1455.2385, -1582.5476, -1614.5488, -1721.3979, -1576.8014, -1769.2896,
         -1558.6069, -1679.9799, -1794.0833],
        [-1527.1174, -1651.7092, -1674.8599, -1846.1917, -1664.9332, -1920.8474,
         -1689.0746, -1739.4843, -1862.8604],
        [-1758.2412, -1820.8062, -1923.7881, -1975.2290, -1899.7360, -2131.5674,
         -1993.7734, -1988.3033, -2099.4744],
        [-1515.8867, -1685.4784, -1684.2041, -1782.2559, -1665.1537, -1867.6720,
         -1686.8062, -1745.1450, -1835.4679],
        [-1518.5637, -1615.7744, -1666.5698, -1850.0574, -1612.5958, -1900.2098,
         -1632.3333, -1778.9095, -1883.3901],
        [-1589.3328, -1664.7932, -1730.5260, -1820.4287, -1699.4818, -1942.4755,
         -1811.8828, -1796.1259, -1899.2468],
        [-1570.1025, -1701.9773, -1739.1023, -1841.4814, -1745.2145, -1951.4808,
         -1747.0629, -1825.4686, -1959.6941],
        [-1542.2308, -1679.3878, -1689.1980, -1890.5151, -1666.5118, -1964.6342,
         -1657.6736, -1789.0936, -1914.5277],
        [-1343.8452, -1525.5767, -1510.7900, -1593.3757, -1507.5176, -1681.7366,
         -1514.6554, -1576.6088, -1653.5397],
        [-1706.7146, -1812.7097, -1847.1448, -1960.8821, -1891.3180, -2085.8396,
         -1896.7975, -1933.9081, -2085.7893],
        [-1285.3047, -1429.9645, -1440.7883, -1534.8944, -1428.0460, -1629.0784,
         -1437.0303, -1513.0807, -1606.4868],
        [-1448.7894, -1583.2477, -1616.0807, -1729.5275, -1585.9762, -1774.4420,
         -1596.1416, -1648.0822, -1749.5311],
        [-1671.2141, -1746.6958, -1807.9290, -1872.1764, -1768.5243, -2034.7856,
         -1877.4568, -1869.8392, -1972.9272],
        [-1639.9287, -1697.8494, -1788.7712, -1906.5459, -1774.2942, -1995.5046,
         -1765.7804, -1890.8275, -2053.5410]], dtype=torch.float64)
Upper bounds: tensor([[1853.6644, 1584.6693, 1797.4878, 1840.1868, 1860.6000, 2020.3118,
         2010.3235, 1911.1301, 1843.2246],
        [2014.4603, 1708.5481, 1908.3131, 2005.9700, 2071.7327, 2207.7000,
         2149.6042, 2066.2673, 2089.8003],
        [1751.6274, 1454.8475, 1684.9672, 1734.9666, 1736.2372, 1891.8661,
         1846.9075, 1775.7307, 1760.6594],
        [1925.2662, 1691.3608, 1907.7307, 1978.1019, 1995.5520, 2135.2200,
         2090.0950, 2030.7611, 1989.0605],
        [1848.9109, 1603.2452, 1818.8427, 1875.6543, 1826.0602, 2032.4868,
         1973.4966, 1909.6520, 1844.7935],
        [1736.2598, 1431.7402, 1673.1770, 1719.8724, 1711.7513, 1885.6140,
         1841.4043, 1763.1074, 1742.3052],
        [1785.2688, 1500.3977, 1740.9982, 1770.3977, 1714.1383, 1913.4137,
         1868.1265, 1790.1791, 1755.3051],
        [1886.5565, 1605.8909, 1834.5936, 1862.6013, 1879.0724, 2033.2979,
         2018.4927, 1935.8077, 1854.4097],
        [2064.8538, 1765.4358, 2020.0699, 2070.9834, 2063.6636, 2214.5183,
         2163.6416, 2101.6428, 2071.7524],
        [2029.7856, 1742.3809, 2000.6580, 2021.0864, 1999.4359, 2217.4338,
         2174.6770, 2077.9380, 1992.0614],
        [1939.7393, 1721.6653, 1921.0687, 2010.7269, 2022.7141, 2168.1257,
         2114.8372, 2058.0513, 1996.2388],
        [1908.6829, 1665.8906, 1884.9773, 1942.2281, 1939.0170, 2101.7097,
         2014.5637, 1970.2413, 1966.3654],
        [1974.3308, 1681.8103, 1939.4307, 1964.8220, 1957.7203, 2139.6086,
         2115.1218, 2028.2306, 1933.2146],
        [1850.5386, 1654.2234, 1853.8916, 1929.0686, 1934.9330, 2073.1821,
         2026.9904, 1961.2976, 1907.6310],
        [1594.7664, 1287.0968, 1530.4822, 1556.0055, 1567.1932, 1706.0935,
         1674.8813, 1601.3063, 1582.3881],
        [1900.5293, 1616.5012, 1839.4878, 1871.1052, 1899.3939, 2019.3657,
         2007.3083, 1925.9104, 1899.4652],
        [1945.8914, 1695.9427, 1915.5984, 1965.3789, 1951.0133, 2150.5688,
         2096.7478, 2012.8545, 1922.7634],
        [1980.2081, 1708.6943, 1922.2567, 1966.4554, 2001.0695, 2171.5205,
         2154.6990, 2062.3926, 1977.2560],
        [1994.2343, 1704.7284, 1929.8319, 1966.9291, 2007.5419, 2150.0652,
         2117.8894, 2035.1793, 2015.5623],
        [1834.1656, 1555.4818, 1800.5872, 1833.3667, 1782.1205, 1989.8206,
         1936.6321, 1882.6647, 1812.9756],
        [1997.9119, 1707.1206, 1991.6720, 2010.6130, 1994.0488, 2180.5691,
         2167.5930, 2074.5842, 1974.1467],
        [1787.0374, 1556.7517, 1770.4056, 1802.6226, 1797.2827, 1938.6008,
         1874.3154, 1838.4916, 1814.7079],
        [1719.6743, 1495.5138, 1698.7451, 1734.3433, 1723.4025, 1883.6256,
         1799.0637, 1765.1471, 1754.8147],
        [1921.8979, 1627.8466, 1872.9757, 1893.4656, 1931.0802, 2029.4784,
         2022.3557, 1958.8800, 1915.6710],
        [1831.3190, 1565.1387, 1801.0917, 1843.8210, 1795.7538, 1986.3582,
         1941.8176, 1889.3998, 1815.0039],
        [2082.2805, 1874.2388, 2091.4419, 2192.7563, 2145.4019, 2349.4944,
         2262.1221, 2208.3247, 2158.5317],
        [1774.9084, 1535.6473, 1736.3939, 1782.7070, 1790.9381, 1934.6865,
         1930.9237, 1848.7179, 1762.9543],
        [1900.6250, 1632.6077, 1869.2959, 1906.0403, 1849.6528, 2062.9841,
         2008.0667, 1948.9653, 1881.6091],
        [1893.1458, 1692.4302, 1871.9934, 1961.9202, 2010.4032, 2130.5291,
         2095.4451, 2017.4471, 1973.4929],
        [1635.4819, 1342.3647, 1570.1555, 1600.2511, 1597.2201, 1743.4080,
         1712.0762, 1643.5859, 1626.8625],
        [1818.4261, 1531.8999, 1759.4492, 1742.3387, 1826.3915, 1947.7787,
         1948.8711, 1856.3320, 1795.4900],
        [1615.6328, 1331.7007, 1556.9600, 1591.5090, 1592.9396, 1728.5398,
         1699.9010, 1636.6047, 1599.4062],
        [1805.6145, 1525.6064, 1753.3008, 1742.1270, 1801.4825, 1930.5684,
         1925.9098, 1841.4769, 1795.9258],
        [1910.1924, 1683.3651, 1902.7295, 1978.0992, 1913.3615, 2105.4297,
         2045.3921, 2007.0808, 1968.1395],
        [1913.6353, 1608.9404, 1828.2119, 1887.9895, 1907.3204, 2101.8069,
         2058.8057, 1947.7560, 1895.3354],
        [1959.9895, 1653.0823, 1837.3394, 1935.4534, 1967.9979, 2131.0925,
         2076.9343, 1973.9933, 1973.4232],
        [1878.3307, 1598.0475, 1806.8557, 1872.7598, 1896.9951, 2054.0789,
         2025.0499, 1928.0463, 1871.1038],
        [1653.7065, 1352.3027, 1589.2212, 1625.4460, 1619.1688, 1767.8389,
         1734.5999, 1664.9515, 1643.1672],
        [1979.2955, 1680.8562, 1885.7383, 1956.2903, 2032.2291, 2156.4385,
         2112.8682, 2022.7584, 2020.4692],
        [1859.7524, 1533.1873, 1806.5023, 1839.8798, 1843.9857, 2010.2866,
         1967.4935, 1894.1484, 1865.8146],
        [1637.7172, 1359.5303, 1577.1344, 1617.6077, 1628.1871, 1762.3848,
         1724.2279, 1658.5941, 1636.4132],
        [1826.2645, 1541.5696, 1754.7300, 1803.3767, 1833.7722, 1985.5757,
         1964.6047, 1882.6932, 1814.5515],
        [1910.1403, 1594.5110, 1874.5503, 1893.5731, 1833.7997, 2072.1792,
         2017.5583, 1944.4537, 1865.4243],
        [1832.3945, 1545.0520, 1744.5607, 1821.5620, 1825.1902, 1992.6583,
         1941.2460, 1886.6268, 1872.1382],
        [1779.8252, 1485.4272, 1704.8389, 1716.8660, 1760.2262, 1895.1763,
         1874.9448, 1803.6310, 1773.1093],
        [1836.2495, 1571.8845, 1808.1886, 1824.3630, 1842.7710, 1969.6957,
         1946.0203, 1881.2906, 1839.6989],
        [1678.9253, 1364.1860, 1595.6714, 1626.5852, 1636.5541, 1779.5536,
         1752.9984, 1672.8856, 1648.5369],
        [1940.6155, 1649.4817, 1848.8447, 1943.8630, 1940.6034, 2135.0845,
         2056.1609, 1996.8804, 1976.7693],
        [2110.4875, 1789.2839, 2091.2554, 2095.9534, 2033.3403, 2275.8174,
         2228.1025, 2141.0720, 2066.2520],
        [1923.3029, 1665.9585, 1889.8633, 1938.7578, 1888.8969, 2126.8950,
         2058.7869, 1985.1278, 1903.5229],
        [1906.1949, 1639.1226, 1876.2065, 1917.7748, 1930.4968, 2065.8562,
         2009.4922, 1979.1178, 1946.2753],
        [1981.9929, 1686.6750, 1924.5483, 1935.9683, 2002.4010, 2143.7222,
         2126.8994, 2039.9757, 1995.6394],
        [1950.6582, 1667.5522, 1926.8770, 1945.9384, 1957.1946, 2079.1357,
         2082.7219, 2007.4330, 1948.1853],
        [1810.6682, 1550.3804, 1772.8025, 1795.5238, 1804.8329, 1934.5116,
         1911.1482, 1844.1298, 1806.0881],
        [2031.9237, 1750.7798, 1983.8439, 2051.2463, 2049.7334, 2206.0515,
         2117.6938, 2073.4109, 2073.5264],
        [1825.3608, 1613.1194, 1820.4198, 1886.2722, 1895.3639, 2023.7483,
         1986.4496, 1918.2404, 1895.8260],
        [1976.8483, 1703.9194, 1949.5352, 1988.5481, 1913.2565, 2144.8875,
         2087.5271, 2019.0680, 1951.9541],
        [1713.0020, 1417.7063, 1649.7577, 1695.9232, 1698.6174, 1856.6598,
         1815.1813, 1738.9949, 1718.9749],
        [1990.8477, 1723.3302, 1963.6808, 1987.8726, 1978.0404, 2171.4189,
         2145.8367, 2058.9490, 1948.3783],
        [1720.2567, 1474.9033, 1702.2236, 1737.1559, 1720.0333, 1845.3597,
         1845.5121, 1762.8092, 1734.0477],
        [1595.2562, 1383.1345, 1554.4700, 1580.9790, 1626.3145, 1721.1868,
         1746.5122, 1668.5532, 1586.1073],
        [1985.3813, 1704.7122, 1918.3813, 1989.6255, 2010.3923, 2163.1758,
         2119.8772, 2010.8761, 2000.1233],
        [1781.8693, 1522.9768, 1742.8998, 1786.4341, 1772.4587, 1919.0055,
         1877.4581, 1815.6449, 1759.6046],
        [1939.4827, 1640.7289, 1861.4191, 1898.3213, 1947.0374, 2127.2720,
         2077.9099, 1965.8779, 1926.9764],
        [2159.5696, 1816.1986, 2059.6902, 2096.7290, 2112.9500, 2343.2898,
         2303.6890, 2203.3892, 2136.8086],
        [1813.9175, 1539.0543, 1784.0110, 1807.4070, 1781.8064, 1956.1880,
         1923.2255, 1865.8112, 1796.5676],
        [1887.4773, 1616.6035, 1840.3997, 1888.0529, 1885.7378, 2065.7178,
         1982.2988, 1937.4608, 1912.2395],
        [1924.6500, 1644.0206, 1877.7141, 1933.7090, 1882.8823, 2113.1377,
         2049.6848, 1978.0021, 1915.1266],
        [1698.1504, 1427.7340, 1652.3894, 1614.8583, 1699.3751, 1832.0231,
         1829.4423, 1723.7120, 1668.5714],
        [1893.2965, 1666.7549, 1886.5652, 1965.3237, 1977.3212, 2081.5894,
         2052.7317, 2008.4803, 1954.8732],
        [1882.2506, 1622.5369, 1827.8425, 1869.2317, 1897.4235, 2058.6338,
         2045.6626, 1957.7162, 1872.3756],
        [1967.5691, 1776.2136, 1981.2146, 2087.9822, 2079.2668, 2233.4202,
         2163.7488, 2123.1968, 2052.5654],
        [1931.0820, 1667.1025, 1827.5100, 1913.2070, 1982.8862, 2125.3894,
         2071.9092, 1982.0782, 1969.3405],
        [1865.3210, 1566.4902, 1803.0394, 1845.8479, 1847.4937, 2043.0591,
         2013.0354, 1901.5502, 1821.2993],
        [1748.0923, 1433.5774, 1689.9142, 1725.3480, 1717.3900, 1870.0901,
         1834.1919, 1762.2288, 1740.6360],
        [1730.4387, 1439.8136, 1665.9816, 1693.4031, 1691.7958, 1871.2191,
         1856.3594, 1765.4730, 1704.4702],
        [1724.5220, 1455.0035, 1671.7705, 1664.5343, 1720.3733, 1853.7284,
         1841.7948, 1748.2428, 1710.2562],
        [1809.8906, 1538.7607, 1723.4646, 1814.9849, 1832.1119, 1977.7013,
         1930.6838, 1853.7004, 1832.1072],
        [2020.7554, 1701.3442, 1987.7142, 2009.9586, 1993.2238, 2188.6987,
         2154.4128, 2056.7100, 1983.9951],
        [1918.3750, 1628.1567, 1843.4460, 1899.9294, 1907.4988, 2090.2681,
         2073.4407, 1954.6119, 1903.5756],
        [1815.5532, 1560.3348, 1800.8733, 1835.9375, 1812.2638, 1960.1016,
         1966.9824, 1892.4470, 1796.0413],
        [1931.9194, 1663.0684, 1897.0039, 1961.9233, 1951.1818, 2098.0527,
         2026.8759, 1992.3556, 1955.3352],
        [2049.4141, 1744.9023, 1915.7220, 2034.2001, 2065.5884, 2270.2729,
         2194.0781, 2093.5378, 2083.1082],
        [1868.2952, 1608.6932, 1838.2596, 1884.6903, 1869.2690, 2034.5144,
         2029.5297, 1945.4534, 1846.9789],
        [1968.1187, 1683.1205, 1920.7251, 1955.1846, 1970.6454, 2132.2910,
         2083.9182, 1984.6014, 1971.9219],
        [2085.9863, 1776.4272, 2064.3215, 2074.9651, 2016.9769, 2259.7944,
         2200.4241, 2116.3931, 2055.4204],
        [1864.2531, 1568.7864, 1796.8555, 1847.1844, 1859.4445, 2035.0945,
         2019.8162, 1908.4918, 1848.1567],
        [1844.9839, 1565.4093, 1801.4739, 1804.9084, 1836.4869, 1983.3967,
         1959.3303, 1903.4362, 1848.5518],
        [2023.8256, 1767.4580, 1983.1694, 2059.0774, 2022.1498, 2216.9756,
         2109.8367, 2082.8042, 2062.8435],
        [1859.6570, 1540.5527, 1795.3525, 1841.8347, 1835.9879, 2014.7939,
         1963.7012, 1891.2709, 1871.3010],
        [1769.2595, 1510.5793, 1719.7383, 1711.6177, 1800.2278, 1926.6355,
         1910.2314, 1794.0292, 1754.1182],
        [1798.7227, 1548.6912, 1758.3628, 1797.2073, 1809.7777, 1951.5919,
         1869.9465, 1842.4919, 1827.3171],
        [1910.0442, 1613.2108, 1859.7312, 1899.7166, 1875.9645, 2071.5061,
         2023.0425, 1942.8727, 1880.4309],
        [1840.0668, 1549.2905, 1798.4761, 1783.2411, 1849.4481, 1970.5074,
         1987.0801, 1879.4503, 1819.5310],
        [1646.6273, 1339.8331, 1580.3667, 1621.1637, 1604.0192, 1762.3748,
         1721.1555, 1648.9418, 1639.9424],
        [2039.0853, 1748.2786, 2030.1985, 2054.1619, 2009.8668, 2221.2722,
         2166.3694, 2110.7571, 2032.0442],
        [1569.7305, 1300.0530, 1513.5011, 1541.6715, 1544.5127, 1673.9996,
         1652.2340, 1580.8798, 1546.3999],
        [1887.9785, 1578.6498, 1803.2983, 1842.1415, 1862.0150, 2049.4341,
         2010.9614, 1942.0712, 1894.0293],
        [1875.2786, 1621.1930, 1850.4312, 1921.0212, 1901.5978, 2038.6896,
         1976.8729, 1938.9641, 1925.2094],
        [1954.1151, 1695.0618, 1921.7661, 1948.1101, 1962.3624, 2147.5117,
         2114.5220, 2016.6517, 1908.3806]], dtype=torch.float64)
Total time: 353.26 seconds
Matmul timing (vs block sparse):
  block sparse (SparseTensor.matmul): 0.22998 s (16 calls) [baseline]
  CSR multiply: 6.90574 s (1600 calls) — 30.0x slower than block sparse
  COO multiply: 9.42815 s (1600 calls) — 41.0x slower than block sparse
  BSR multiply (8x8, via COO): 112.46773 s (1600 calls) — 489.0x slower than block sparse
  BSR multiply (derived, via COO): 88.07064 s (1600 calls) — 382.9x slower than block sparse
CONSTRAINTFLOW_TIMING_JSON={"wall_time_s": 353.2550583049997, "block_sparse": {"seconds": 0.2299836130005133, "calls": 16}, "csr": {"encode": {"seconds": 45.23809842299852, "calls": 1600}, "mul": {"seconds": 6.905740581001737, "calls": 1600}}, "coo": {"encode": {"seconds": 42.79763254106547, "calls": 1600}, "mul": {"seconds": 9.428151392015934, "calls": 1600}}, "bsr_fixed": {"encode": {"seconds": 18.634972956995625, "calls": 1600}, "mul": {"seconds": 112.46772998001143, "calls": 1600}}, "bsr_dynamic": {"encode": {"seconds": 19.96515051596907, "calls": 1600}, "mul": {"seconds": 88.070644445972, "calls": 1600}}, "verify": {"seconds": 6.804784056941571, "calls": 16}, "inner_prod_total": {"seconds": 353.1716918200036, "calls": 16}}

--- stderr ---
/home/aval/constraintflow-gpu/constraintflow/gbcsr/sparse_tensor.py:540: UserWarning: Sparse CSR tensor support is in beta state. If you miss a functionality in the sparse tensor support, please submit a feature request to https://github.com/pytorch/pytorch/issues. (Triggered internally at /pytorch/aten/src/ATen/SparseCsrTensorImpl.cpp:53.)
  return coo.to_sparse_csr()
